#
# There is insufficient memory for the Java Runtime Environment to continue.
# Native memory allocation (malloc) failed to allocate 32744 bytes. Error detail: Chunk::new
# Possible reasons:
#   The system is out of physical RAM or swap space
#   This process is running with CompressedOops enabled, and the Java Heap may be blocking the growth of the native heap
# Possible solutions:
#   Reduce memory load on the system
#   Increase physical memory or swap space
#   Check if swap backing store is full
#   Decrease Java heap size (-Xmx/-Xms)
#   Decrease number of Java threads
#   Decrease Java thread stack sizes (-Xss)
#   Set larger code cache with -XX:ReservedCodeCacheSize=
#   JVM is running with Zero Based Compressed Oops mode in which the Java heap is
#     placed in the first 32GB address space. The Java Heap base address is the
#     maximum limit for the native heap growth. Please use -XX:HeapBaseMinAddress
#     to set the Java Heap base and to place the Java Heap above 32GB virtual address.
# This output file may be truncated or incomplete.
#
#  Out of Memory Error (arena.cpp:168), pid=15096, tid=13904
#
# JRE version: OpenJDK Runtime Environment Temurin-21.0.8+9 (21.0.8+9) (build 21.0.8+9-LTS)
# Java VM: OpenJDK 64-Bit Server VM Temurin-21.0.8+9 (21.0.8+9-LTS, mixed mode, sharing, tiered, compressed oops, compressed class ptrs, g1 gc, windows-amd64)
# No core dump will be written. Minidumps are not enabled by default on client versions of Windows
#

---------------  S U M M A R Y ------------

Command Line: -Dcucumber.publish.quiet=true -Dfile.encoding=UTF-8 -Dstdout.encoding=UTF-8 -Dstderr.encoding=UTF-8 -XX:+ShowCodeDetailsInExceptionMessages io.cucumber.core.cli.Main src/test/resources/Features/login.feature --glue  --monochrome -p io.cucumber.eclipse.java.plugins.CucumberEclipsePlugin:55997

Host: Intel(R) Core(TM) i3-2100 CPU @ 3.10GHz, 4 cores, 9G,  Windows 10 , 64 bit Build 19041 (10.0.19041.5794)
Time: Tue Aug 26 15:41:04 2025 India Standard Time elapsed time: 3.460922 seconds (0d 0h 0m 3s)

---------------  T H R E A D  ---------------

Current thread (0x00000209f62188f0):  JavaThread "main"             [_thread_in_vm, id=13904, stack(0x000000be02a00000,0x000000be02b00000) (1024K)]

Stack: [0x000000be02a00000,0x000000be02b00000]
Native frames: (J=compiled Java code, j=interpreted, Vv=VM code, C=native code)
V  [jvm.dll+0x6d2449]
V  [jvm.dll+0x8ae341]
V  [jvm.dll+0x8b08be]
V  [jvm.dll+0x8b0fa3]
V  [jvm.dll+0x280c96]
V  [jvm.dll+0xc581d]
V  [jvm.dll+0xc5d53]
V  [jvm.dll+0x214950]
V  [jvm.dll+0x2178bc]
V  [jvm.dll+0x20cece]
V  [jvm.dll+0x5b19dc]
V  [jvm.dll+0x827606]
V  [jvm.dll+0x4741b6]
V  [jvm.dll+0x47a088]
C  [java.dll+0x17ec]

Java frames: (J=compiled Java code, j=interpreted, Vv=VM code)
J 677  java.lang.ClassLoader.defineClass1(Ljava/lang/ClassLoader;Ljava/lang/String;[BIILjava/security/ProtectionDomain;Ljava/lang/String;)Ljava/lang/Class; java.base@21.0.8 (0 bytes) @ 0x0000020987b05b11 [0x0000020987b05a40+0x00000000000000d1]
J 1200 c1 java.lang.ClassLoader.defineClass(Ljava/lang/String;[BIILjava/security/ProtectionDomain;)Ljava/lang/Class; java.base@21.0.8 (43 bytes) @ 0x000002098023c2fc [0x000002098023bfa0+0x000000000000035c]
J 1182 c1 java.security.SecureClassLoader.defineClass(Ljava/lang/String;[BIILjava/security/CodeSource;)Ljava/lang/Class; java.base@21.0.8 (16 bytes) @ 0x0000020980232d1c [0x0000020980232c40+0x00000000000000dc]
J 1631 c1 jdk.internal.loader.BuiltinClassLoader.defineClass(Ljava/lang/String;Ljdk/internal/loader/Resource;)Ljava/lang/Class; java.base@21.0.8 (121 bytes) @ 0x00000209802e912c [0x00000209802e81c0+0x0000000000000f6c]
J 950 c1 jdk.internal.loader.BuiltinClassLoader.findClassOnClassPathOrNull(Ljava/lang/String;)Ljava/lang/Class; java.base@21.0.8 (64 bytes) @ 0x00000209801a98fc [0x00000209801a8c20+0x0000000000000cdc]
J 619 c1 jdk.internal.loader.BuiltinClassLoader.loadClassOrNull(Ljava/lang/String;Z)Ljava/lang/Class; java.base@21.0.8 (143 bytes) @ 0x00000209800e608c [0x00000209800e5660+0x0000000000000a2c]
J 968 c1 jdk.internal.loader.ClassLoaders$AppClassLoader.loadClass(Ljava/lang/String;Z)Ljava/lang/Class; java.base@21.0.8 (40 bytes) @ 0x00000209801b1ec4 [0x00000209801b1ce0+0x00000000000001e4]
J 1813 c1 io.cucumber.core.resource.ClasspathScanner.safelyLoadClass(Ljava/lang/String;)Ljava/util/Optional; (32 bytes) @ 0x0000020980342a9c [0x00000209803426e0+0x00000000000003bc]
J 1773 c1 io.cucumber.core.resource.ClasspathScanner$$Lambda+0x0000020990115910.accept(Ljava/lang/Object;)V (28 bytes) @ 0x0000020980325fdc [0x0000020980325da0+0x000000000000023c]
J 1752 c1 io.cucumber.core.resource.PathScanner$ResourceFileVisitor.visitFile(Ljava/lang/Object;Ljava/nio/file/attribute/BasicFileAttributes;)Ljava/nio/file/FileVisitResult; (10 bytes) @ 0x000002098031d3cc [0x000002098031d060+0x000000000000036c]
j  java.nio.file.Files.walkFileTree(Ljava/nio/file/Path;Ljava/util/Set;ILjava/nio/file/FileVisitor;)Ljava/nio/file/Path;+101 java.base@21.0.8
j  io.cucumber.core.resource.PathScanner.findResourcesForPath(Ljava/nio/file/Path;Ljava/util/function/Predicate;Ljava/util/function/Consumer;)V+26
j  io.cucumber.core.resource.PathScanner.findResourcesForPath(Ljava/nio/file/Path;Ljava/util/function/Predicate;Ljava/util/function/Function;)V+51
j  io.cucumber.core.resource.PathScanner.findResourcesForUri(Ljava/net/URI;Ljava/util/function/Predicate;Ljava/util/function/Function;)V+19
j  io.cucumber.core.resource.ClasspathScanner.findClassesForUri(Ljava/net/URI;Ljava/lang/String;Ljava/util/function/Predicate;)Ljava/util/List;+37
j  io.cucumber.core.resource.ClasspathScanner.lambda$findClassesForUris$3(Ljava/lang/String;Ljava/util/function/Predicate;Ljava/net/URI;)Ljava/util/List;+4
j  io.cucumber.core.resource.ClasspathScanner$$Lambda+0x0000020990117d88.apply(Ljava/lang/Object;)Ljava/lang/Object;+16
J 1092 c1 java.util.stream.ReferencePipeline$3$1.accept(Ljava/lang/Object;)V java.base@21.0.8 (23 bytes) @ 0x00000209801fb484 [0x00000209801fb360+0x0000000000000124]
j  java.util.ArrayList$ArrayListSpliterator.forEachRemaining(Ljava/util/function/Consumer;)V+95 java.base@21.0.8
j  java.util.stream.AbstractPipeline.copyInto(Ljava/util/stream/Sink;Ljava/util/Spliterator;)V+32 java.base@21.0.8
j  java.util.stream.AbstractPipeline.wrapAndCopyInto(Ljava/util/stream/Sink;Ljava/util/Spliterator;)Ljava/util/stream/Sink;+13 java.base@21.0.8
j  java.util.stream.ReduceOps$ReduceOp.evaluateSequential(Ljava/util/stream/PipelineHelper;Ljava/util/Spliterator;)Ljava/lang/Object;+6 java.base@21.0.8
j  java.util.stream.AbstractPipeline.evaluate(Ljava/util/stream/TerminalOp;)Ljava/lang/Object;+88 java.base@21.0.8
j  java.util.stream.ReferencePipeline.collect(Ljava/util/stream/Collector;)Ljava/lang/Object;+86 java.base@21.0.8
j  io.cucumber.core.resource.ClasspathScanner.findClassesForUris(Ljava/util/List;Ljava/lang/String;Ljava/util/function/Predicate;)Ljava/util/List;+37
j  io.cucumber.core.resource.ClasspathScanner.scanForClassesInPackage(Ljava/lang/String;Ljava/util/function/Predicate;)Ljava/util/List;+24
j  io.cucumber.core.resource.ClasspathScanner.scanForClassesInPackage(Ljava/lang/String;)Ljava/util/List;+5
j  io.cucumber.java.JavaBackend$$Lambda+0x00000209901176c8.apply(Ljava/lang/Object;)Ljava/lang/Object;+8
J 1092 c1 java.util.stream.ReferencePipeline$3$1.accept(Ljava/lang/Object;)V java.base@21.0.8 (23 bytes) @ 0x00000209801fb484 [0x00000209801fb360+0x0000000000000124]
J 1092 c1 java.util.stream.ReferencePipeline$3$1.accept(Ljava/lang/Object;)V java.base@21.0.8 (23 bytes) @ 0x00000209801fb544 [0x00000209801fb360+0x00000000000001e4]
j  java.util.stream.ReferencePipeline$2$1.accept(Ljava/lang/Object;)V+21 java.base@21.0.8
j  java.util.ArrayList$ArrayListSpliterator.forEachRemaining(Ljava/util/function/Consumer;)V+95 java.base@21.0.8
j  java.util.stream.AbstractPipeline.copyInto(Ljava/util/stream/Sink;Ljava/util/Spliterator;)V+32 java.base@21.0.8
j  java.util.stream.AbstractPipeline.wrapAndCopyInto(Ljava/util/stream/Sink;Ljava/util/Spliterator;)Ljava/util/stream/Sink;+13 java.base@21.0.8
j  java.util.stream.ForEachOps$ForEachOp.evaluateSequential(Ljava/util/stream/PipelineHelper;Ljava/util/Spliterator;)Ljava/lang/Void;+3 java.base@21.0.8
j  java.util.stream.ForEachOps$ForEachOp$OfRef.evaluateSequential(Ljava/util/stream/PipelineHelper;Ljava/util/Spliterator;)Ljava/lang/Object;+3 java.base@21.0.8
j  java.util.stream.AbstractPipeline.evaluate(Ljava/util/stream/TerminalOp;)Ljava/lang/Object;+88 java.base@21.0.8
j  java.util.stream.ReferencePipeline.forEach(Ljava/util/function/Consumer;)V+6 java.base@21.0.8
j  io.cucumber.java.JavaBackend.loadGlue(Lio/cucumber/core/backend/Glue;Ljava/util/List;)V+80
j  io.cucumber.core.runner.Runner.<init>(Lio/cucumber/core/eventbus/EventBus;Ljava/util/Collection;Lio/cucumber/core/backend/ObjectFactory;Lio/cucumber/core/runner/Options;)V+125
j  io.cucumber.core.runtime.SingletonRunnerSupplier.createRunner()Lio/cucumber/core/runner/Runner;+30
j  io.cucumber.core.runtime.SingletonRunnerSupplier.get()Lio/cucumber/core/runner/Runner;+9
j  io.cucumber.core.runtime.CucumberExecutionContext$$Lambda+0x000002099010f348.get()Ljava/lang/Object;+4
j  io.cucumber.core.runtime.RethrowingThrowableCollector.executeAndThrow(Ljava/util/function/Supplier;)Ljava/lang/Object;+1
j  io.cucumber.core.runtime.CucumberExecutionContext.getRunner()Lio/cucumber/core/runner/Runner;+18
j  io.cucumber.core.runtime.CucumberExecutionContext.runBeforeAllHooks()V+1
j  io.cucumber.core.runtime.CucumberExecutionContext.lambda$runFeatures$6(Lio/cucumber/core/runtime/CucumberExecutionContext$ThrowingRunnable;)V+1
j  io.cucumber.core.runtime.CucumberExecutionContext$$Lambda+0x000002099010ef10.run()V+8
j  io.cucumber.core.runtime.CucumberExecutionContext.execute(Lio/cucumber/core/runtime/CucumberExecutionContext$ThrowingRunnable;)V+1
j  io.cucumber.core.runtime.CucumberExecutionContext.runFeatures(Lio/cucumber/core/runtime/CucumberExecutionContext$ThrowingRunnable;)V+12
j  io.cucumber.core.runtime.Runtime.run()V+21
j  io.cucumber.core.cli.Main.run([Ljava/lang/String;Ljava/lang/ClassLoader;)B+142
j  io.cucumber.core.cli.Main.main([Ljava/lang/String;)V+7
v  ~StubRoutines::call_stub 0x000002098753100d

Compiled method (n/a) 3812  677     n 0       java.lang.ClassLoader::defineClass1 (native)
 total in heap  [0x0000020987b05890,0x0000020987b05ef0] = 1632
 relocation     [0x0000020987b059f0,0x0000020987b05a28] = 56
 main code      [0x0000020987b05a40,0x0000020987b05eef] = 1199
 stub code      [0x0000020987b05eef,0x0000020987b05ef0] = 1

[Constant Pool (empty)]

[MachCode]
[Entry Point]
  # {method} {0x000002098f436e28} 'defineClass1' '(Ljava/lang/ClassLoader;Ljava/lang/String;[BIILjava/security/ProtectionDomain;Ljava/lang/String;)Ljava/lang/Class;' in 'java/lang/ClassLoader'
  # parm0:    rdx:rdx   = 'java/lang/ClassLoader'
  # parm1:    r8:r8     = 'java/lang/String'
  # parm2:    r9:r9     = '[B'
  # parm3:    rdi       = int
  # parm4:    rsi       = int
  # parm5:    rcx:rcx   = 'java/security/ProtectionDomain'
  # parm6:    [sp+0xa0]   = 'java/lang/String'  (sp of caller)
  0x0000020987b05a40: 448b 5208 | 49bb 0000 | 008f 0902 | 0000 4d03 | d349 3bc2 | 0f84 0600 

  0x0000020987b05a58: ;   {runtime_call ic_miss_stub}
  0x0000020987b05a58: 0000 e921 | 8da7 ff90 
[Verified Entry Point]
  0x0000020987b05a60: 8984 2400 | 80ff ff55 | 488b ec48 | 81ec 9000 | 0000 6690 | 4181 7f20 | 0100 0000 

  0x0000020987b05a7c: ;   {runtime_call StubRoutines (final stubs)}
  0x0000020987b05a7c: 7405 e8dd | f3a5 ff48 | 837d 1000 | 488d 4510 | 480f 4445 | 1048 8944 | 2440 4889 | 4c24 7048 
  0x0000020987b05a9c: 83f9 0048 | 8d44 2470 | 480f 4444 | 2470 4889 | 4424 3848 | 8974 2430 | 4889 7c24 | 284c 894c 
  0x0000020987b05abc: 2458 4983 | f900 488d | 4424 5848 | 0f44 4424 | 5848 8944 | 2420 4c89 | 4424 5049 | 83f8 004c 
  0x0000020987b05adc: 8d4c 2450 | 4c0f 444c | 2450 4889 | 5424 4848 | 83fa 004c | 8d44 2448 | 4c0f 4444 

  0x0000020987b05af8: ;   {oop(a 'java/lang/Class'{0x0000000762a36220} = 'java/lang/ClassLoader')}
  0x0000020987b05af8: 2448 49be | 2062 a362 | 0700 0000 | 4c89 7424 | 784c 8d74 | 2478 498b | d6c5 f877 

  0x0000020987b05b14: ;   {internal_word}
  0x0000020987b05b14: 49ba 115b | b087 0902 | 0000 4d89 | 97a0 0300 | 0049 89a7 | 9803 0000 

  0x0000020987b05b2c: ;   {external_word}
  0x0000020987b05b2c: 49ba 56cc | d8f5 fa7f | 0000 4180 | 3a00 0f84 | 4e00 0000 | 5241 5041 

  0x0000020987b05b44: ;   {metadata({method} {0x000002098f436e28} 'defineClass1' '(Ljava/lang/ClassLoader;Ljava/lang/String;[BIILjava/security/ProtectionDomain;Ljava/lang/String;)Ljava/lang/Class;' in 'java/lang/ClassLoader')}
  0x0000020987b05b44: 5148 ba20 | 6e43 8f09 | 0200 0049 | 8bcf 4883 | ec20 40f6 | c40f 0f84 | 1900 0000 | 4883 ec08 
  0x0000020987b05b64: ;   {runtime_call}
  0x0000020987b05b64: 48b8 908d | 82f5 fa7f | 0000 ffd0 | 4883 c408 | e90c 0000 

  0x0000020987b05b78: ;   {runtime_call}
  0x0000020987b05b78: 0048 b890 | 8d82 f5fa | 7f00 00ff | d048 83c4 | 2041 5941 | 585a 498d | 8fb8 0300 | 0041 c787 
  0x0000020987b05b98: 4404 0000 | 0400 0000 

  0x0000020987b05ba0: ;   {runtime_call}
  0x0000020987b05ba0: 48b8 ac16 | d74a fb7f | 0000 ffd0 | c5f8 7741 | c787 4404 | 0000 0500 | 0000 f083 | 4424 c000 
  0x0000020987b05bc0: 493b af48 | 0400 000f | 870e 0000 | 0041 83bf | 4004 0000 | 000f 842b | 0000 00c5 | f877 4889 
  0x0000020987b05be0: 45f8 498b | cf4c 8be4 | 4883 ec20 | 4883 e4f0 

  0x0000020987b05bf0: ;   {runtime_call}
  0x0000020987b05bf0: 48b8 20fa | 4df5 fa7f | 0000 ffd0 | 498b e44d | 33e4 488b | 45f8 41c7 | 8744 0400 | 0008 0000 
  0x0000020987b05c10: 0041 83bf | c004 0000 | 020f 84a3 

  0x0000020987b05c1c: ;   {external_word}
  0x0000020987b05c1c: 0200 0049 | ba56 ccd8 | f5fa 7f00 | 0041 803a | 000f 844c | 0000 0048 

  0x0000020987b05c34: ;   {metadata({method} {0x000002098f436e28} 'defineClass1' '(Ljava/lang/ClassLoader;Ljava/lang/String;[BIILjava/security/ProtectionDomain;Ljava/lang/String;)Ljava/lang/Class;' in 'java/lang/ClassLoader')}
  0x0000020987b05c34: 8945 f848 | ba20 6e43 | 8f09 0200 | 0049 8bcf | 4883 ec20 | 40f6 c40f | 0f84 1900 | 0000 4883 
  0x0000020987b05c54: ;   {runtime_call}
  0x0000020987b05c54: ec08 48b8 | 908d 82f5 | fa7f 0000 | ffd0 4883 | c408 e90c 

  0x0000020987b05c68: ;   {runtime_call}
  0x0000020987b05c68: 0000 0048 | b890 8d82 | f5fa 7f00 | 00ff d048 | 83c4 2048 | 8b45 f849 | c787 9803 | 0000 0000 
  0x0000020987b05c88: 0000 49c7 | 87a0 0300 | 0000 0000 | 00c5 f877 | 4885 c00f | 84fe 0100 | 00a8 030f | 8508 0000 
  0x0000020987b05ca8: 0048 8b00 | e9ee 0100 | 00a8 010f | 8509 0000 | 0048 8b40 | fee9 dd01 | 0000 488b | 40ff 4180 
  0x0000020987b05cc8: 7f40 000f | 84ce 0100 | 0048 83f8 | 000f 84c4 | 0100 0049 | 8b4f 2848 | 83f9 000f | 8414 0000 
  0x0000020987b05ce8: 0048 83e9 | 0849 894f | 2849 034f | 3848 8901 | e9a2 0100 | 0048 81ec | d000 0000 | 4889 0424 
  0x0000020987b05d08: 4889 4c24 | 0848 8954 | 2410 4889 | 7424 1848 | 897c 2420 | 4c89 4424 | 284c 894c | 2430 4c89 
  0x0000020987b05d28: 5424 384c | 895c 2440 | c5fb 1144 | 2450 c5fb | 114c 2458 | c5fb 1154 | 2460 c5fb | 115c 2468 
  0x0000020987b05d48: c5fb 1164 | 2470 c5fb | 116c 2478 | c5fb 11b4 | 2480 0000 | 00c5 fb11 | bc24 8800 | 0000 c57b 
  0x0000020987b05d68: ;   {no_reloc}
  0x0000020987b05d68: 1184 2490 | 0000 00c5 | 7b11 8c24 | 9800 0000 | c57b 1194 | 24a0 0000 | 00c5 7b11 | 9c24 a800 
  0x0000020987b05d88: 0000 c57b | 11a4 24b0 | 0000 00c5 | 7b11 ac24 | b800 0000 | c57b 11b4 | 24c0 0000 | 00c5 7b11 
  0x0000020987b05da8: bc24 c800 | 0000 498b | d748 8bc8 | 4883 ec20 | 40f6 c40f | 0f84 1900 | 0000 4883 

  0x0000020987b05dc4: ;   {runtime_call}
  0x0000020987b05dc4: ec08 48b8 | c03c 41f5 | fa7f 0000 | ffd0 4883 | c408 e90c 

  0x0000020987b05dd8: ;   {runtime_call}
  0x0000020987b05dd8: 0000 0048 | b8c0 3c41 | f5fa 7f00 | 00ff d048 | 83c4 20c5 | 7b10 bc24 | c800 0000 | c57b 10b4 
  0x0000020987b05df8: 24c0 0000 | 00c5 7b10 | ac24 b800 | 0000 c57b | 10a4 24b0 | 0000 00c5 | 7b10 9c24 | a800 0000 
  0x0000020987b05e18: c57b 1094 | 24a0 0000 | 00c5 7b10 | 8c24 9800 | 0000 c57b | 1084 2490 | 0000 00c5 | fb10 bc24 
  0x0000020987b05e38: 8800 0000 | c5fb 10b4 | 2480 0000 | 00c5 fb10 | 6c24 78c5 | fb10 6424 | 70c5 fb10 | 5c24 68c5 
  0x0000020987b05e58: fb10 5424 | 60c5 fb10 | 4c24 58c5 | fb10 4424 | 504c 8b5c | 2440 4c8b | 5424 384c | 8b4c 2430 
  0x0000020987b05e78: 4c8b 4424 | 2848 8b7c | 2420 488b | 7424 1848 | 8b54 2410 | 488b 4c24 | 0848 8b04 | 2448 81c4 
  0x0000020987b05e98: d000 0000 | c5f8 7749 | 8b8f 2804 | 0000 c781 | 0001 0000 | 0000 0000 | c949 837f | 0800 0f85 
  0x0000020987b05eb8: 0100 0000 

  0x0000020987b05ebc: ;   {runtime_call StubRoutines (initial stubs)}
  0x0000020987b05ebc: c3e9 3eb0 | a2ff c5f8 | 7748 8945 | f84c 8be4 | 4883 ec20 | 4883 e4f0 

  0x0000020987b05ed4: ;   {runtime_call}
  0x0000020987b05ed4: 48b8 30c5 | 82f5 fa7f | 0000 ffd0 | 498b e44d | 33e4 488b | 45f8 e930 | fdff fff4 
[/MachCode]


Compiled method (c1) 3846 1200       3       java.lang.ClassLoader::defineClass (43 bytes)
 total in heap  [0x000002098023bd90,0x000002098023c6e8] = 2392
 relocation     [0x000002098023bef0,0x000002098023bf90] = 160
 main code      [0x000002098023bfa0,0x000002098023c440] = 1184
 stub code      [0x000002098023c440,0x000002098023c4b8] = 120
 metadata       [0x000002098023c4b8,0x000002098023c4e8] = 48
 scopes data    [0x000002098023c4e8,0x000002098023c5d8] = 240
 scopes pcs     [0x000002098023c5d8,0x000002098023c6b8] = 224
 dependencies   [0x000002098023c6b8,0x000002098023c6c0] = 8
 nul chk table  [0x000002098023c6c0,0x000002098023c6e8] = 40

[Constant Pool (empty)]

[MachCode]
[Entry Point]
  # {method} {0x000002098f4371a8} 'defineClass' '(Ljava/lang/String;[BIILjava/security/ProtectionDomain;)Ljava/lang/Class;' in 'java/lang/ClassLoader'
  # this:     rdx:rdx   = 'java/lang/ClassLoader'
  # parm0:    r8:r8     = 'java/lang/String'
  # parm1:    r9:r9     = '[B'
  # parm2:    rdi       = int
  # parm3:    rsi       = int
  # parm4:    rcx:rcx   = 'java/security/ProtectionDomain'
  #           [sp+0xc0]  (sp of caller)
  0x000002098023bfa0: 448b 5208 | 49bb 0000 | 008f 0902 | 0000 4d03 | d34c 3bd0 

  0x000002098023bfb4: ;   {runtime_call ic_miss_stub}
  0x000002098023bfb4: 0f85 c627 | 3407 660f | 1f44 0000 
[Verified Entry Point]
  0x000002098023bfc0: 8984 2400 | 80ff ff55 | 4881 ecb0 | 0000 0090 | 4181 7f20 | 0100 0000 

  0x000002098023bfd8: ;   {runtime_call StubRoutines (final stubs)}
  0x000002098023bfd8: 7405 e881 | 8e32 0748 | 8954 2478 

  0x000002098023bfe4: ;   {metadata(method data for {method} {0x000002098f4371a8} 'defineClass' '(Ljava/lang/String;[BIILjava/security/ProtectionDomain;)Ljava/lang/Class;' in 'java/lang/ClassLoader')}
  0x000002098023bfe4: 48bb 68d1 | 27d0 0902 | 0000 8b83 | cc00 0000 | 83c0 0289 | 83cc 0000 | 0025 fe07 | 0000 85c0 
  0x000002098023c004: 0f84 5803 | 0000 89b4 | 2494 0000 | 0089 bc24 | 9000 0000 | 4c89 8c24 | 8800 0000 

  0x000002098023c020: ;   {metadata(method data for {method} {0x000002098f4371a8} 'defineClass' '(Ljava/lang/String;[BIILjava/security/ProtectionDomain;)Ljava/lang/Class;' in 'java/lang/ClassLoader')}
  0x000002098023c020: 488b da48 | b868 d127 | d009 0200 | 0048 8380 | 1001 0000 | 0149 8bd8 | 4c8b c34c | 8bc9 488b 
  0x000002098023c040: ca48 8bd1 | 4889 9c24 | 8000 0000 

  0x000002098023c04c: ;   {optimized virtual_call}
  0x000002098023c04c: 6666 90e8 

  0x000002098023c050: ; ImmutableOopMap {[120]=Oop [128]=Oop [136]=Oop }
                      ;*invokevirtual preDefineClass {reexecute=0 rethrow=0 return_oop=0}
                      ; - java.lang.ClassLoader::defineClass@4 (line 1025)
  0x000002098023c050: 4c72 ffff 

  0x000002098023c054: ;   {other}
  0x000002098023c054: 0f1f 8400 | c402 0000 | 4889 8424 | 9800 0000 | 488b 5424 

  0x000002098023c068: ;   {metadata(method data for {method} {0x000002098f4371a8} 'defineClass' '(Ljava/lang/String;[BIILjava/security/ProtectionDomain;)Ljava/lang/Class;' in 'java/lang/ClassLoader')}
  0x000002098023c068: 7849 b868 | d127 d009 | 0200 0049 | 8380 4801 

  0x000002098023c078: ;   {metadata(method data for {method} {0x000002098f436e90} 'defineClassSourceLocation' '(Ljava/security/ProtectionDomain;)Ljava/lang/String;' in 'java/lang/ClassLoader')}
  0x000002098023c078: 0000 0149 | b830 dd27 | d009 0200 | 0041 8b90 | cc00 0000 | 83c2 0241 | 8990 cc00 | 0000 81e2 
  0x000002098023c098: feff 1f00 | 85d2 0f84 | df02 0000 

  0x000002098023c0a4: ; implicit exception: dispatches to 0x000002098023c3a4
  0x000002098023c0a4: 483b 004c 

  0x000002098023c0a8: ;   {metadata(method data for {method} {0x000002098f436e90} 'defineClassSourceLocation' '(Ljava/security/ProtectionDomain;)Ljava/lang/String;' in 'java/lang/ClassLoader')}
  0x000002098023c0a8: 8bc0 48ba | 30dd 27d0 | 0902 0000 | 4883 8210 | 0100 0001 | 448b 4010 | 49c1 e003 

  0x000002098023c0c4: ;   {metadata(method data for {method} {0x000002098f436e90} 'defineClassSourceLocation' '(Ljava/security/ProtectionDomain;)Ljava/lang/String;' in 'java/lang/ClassLoader')}
  0x000002098023c0c4: 4d85 c048 | ba30 dd27 | d009 0200 | 0048 c7c6 | 5801 0000 | 7507 48c7 | c648 0100 | 0048 8b3c 
  0x000002098023c0e4: 3248 8d7f | 0148 893c | 320f 850f 

  0x000002098023c0f0: ;   {oop(nullptr)}
  0x000002098023c0f0: 0000 0048 | bb00 0000 | 0000 0000 | 00e9 a501 | 0000 493b | 0049 8bd0 

  0x000002098023c108: ;   {metadata(method data for {method} {0x000002098f436e90} 'defineClassSourceLocation' '(Ljava/security/ProtectionDomain;)Ljava/lang/String;' in 'java/lang/ClassLoader')}
  0x000002098023c108: 48be 30dd | 27d0 0902 | 0000 4883 | 8668 0100 | 0001 418b | 500c 48c1 | e203 4885 

  0x000002098023c124: ;   {metadata(method data for {method} {0x000002098f436e90} 'defineClassSourceLocation' '(Ljava/security/ProtectionDomain;)Ljava/lang/String;' in 'java/lang/ClassLoader')}
  0x000002098023c124: d248 be30 | dd27 d009 | 0200 0048 | c7c7 b001 | 0000 7507 | 48c7 c7a0 | 0100 0048 | 8b1c 3e48 
  0x000002098023c144: 8d5b 0148 | 891c 3e0f | 850f 0000 

  0x000002098023c150: ;   {oop(nullptr)}
  0x000002098023c150: 0048 bb00 | 0000 0000 | 0000 00e9 | 4701 0000 

  0x000002098023c160: ;   {metadata(method data for {method} {0x000002098f436e90} 'defineClassSourceLocation' '(Ljava/security/ProtectionDomain;)Ljava/lang/String;' in 'java/lang/ClassLoader')}
  0x000002098023c160: 48be 30dd | 27d0 0902 | 0000 4883 | 86c0 0100 | 0001 483b | 024c 8bc2 

  0x000002098023c178: ;   {metadata(method data for {method} {0x000002098f436e90} 'defineClassSourceLocation' '(Ljava/security/ProtectionDomain;)Ljava/lang/String;' in 'java/lang/ClassLoader')}
  0x000002098023c178: 48be 30dd | 27d0 0902 | 0000 4883 | 86f8 0100 

  0x000002098023c188: ;   {metadata(method data for {method} {0x000002098f01ade8} 'toString' '()Ljava/lang/String;' in 'java/net/URL')}
  0x000002098023c188: 0001 49b8 | f0db 21d0 | 0902 0000 | 418b b0cc | 0000 0083 | c602 4189 | b0cc 0000 | 0081 e6fe 
  0x000002098023c1a8: ff1f 0085 | f60f 8400 | 0200 004c 

  0x000002098023c1b4: ;   {metadata(method data for {method} {0x000002098f01ade8} 'toString' '()Ljava/lang/String;' in 'java/net/URL')}
  0x000002098023c1b4: 8bc2 48be | f0db 21d0 | 0902 0000 | 4883 8610 | 0100 0001 

  0x000002098023c1c8: ;   {metadata(method data for {method} {0x000002098f42aa30} 'toExternalForm' '()Ljava/lang/String;' in 'java/net/URL')}
  0x000002098023c1c8: 49b8 78dd | 21d0 0902 | 0000 418b | b0cc 0000 | 0083 c602 | 4189 b0cc | 0000 0081 | e6fe ff1f 
  0x000002098023c1e8: 0085 f60f | 84e3 0100 | 008b 7238 | 48c1 e603 

  0x000002098023c1f8: ; implicit exception: dispatches to 0x000002098023c3f5
  0x000002098023c1f8: 483b 064c 

  0x000002098023c1fc: ;   {metadata(method data for {method} {0x000002098f42aa30} 'toExternalForm' '()Ljava/lang/String;' in 'java/net/URL')}
  0x000002098023c1fc: 8bc6 48bf | 78dd 21d0 | 0902 0000 | 458b 4008 | 49ba 0000 | 008f 0902 | 0000 4d03 | c24c 3b87 
  0x000002098023c21c: 2001 0000 | 750d 4883 | 8728 0100 | 0001 e960 | 0000 004c | 3b87 3001 | 0000 750d | 4883 8738 
  0x000002098023c23c: 0100 0001 | e94a 0000 | 0048 83bf | 2001 0000 | 0075 174c | 8987 2001 | 0000 48c7 | 8728 0100 
  0x000002098023c25c: 0001 0000 | 00e9 2900 | 0000 4883 | bf30 0100 | 0000 7517 | 4c89 8730 | 0100 0048 | c787 3801 
  0x000002098023c27c: 0000 0100 | 0000 e908 | 0000 0048 | 8387 1001 | 0000 014c | 8bc2 488b 

  0x000002098023c294: ;   {optimized virtual_call}
  0x000002098023c294: d666 90e8 

  0x000002098023c298: ; ImmutableOopMap {[120]=Oop [128]=Oop [136]=Oop [152]=Oop }
                      ;*invokevirtual toExternalForm {reexecute=0 rethrow=0 return_oop=0}
                      ; - java.net.URL::toExternalForm@5 (line 1203)
                      ; - java.net.URL::toString@1 (line 1189)
                      ; - java.lang.ClassLoader::defineClassSourceLocation@22 (line 927)
                      ; - java.lang.ClassLoader::defineClass@12 (line 1026)
  0x000002098023c298: 0418 f9ff 

  0x000002098023c29c: ;   {other}
  0x000002098023c29c: 0f1f 8400 | 0c05 0001 | 488b d848 | 8b84 2498 | 0000 008b | b424 9400 | 0000 8bbc | 2490 0000 
  0x000002098023c2bc: 004c 8b8c | 2488 0000 | 004c 8b84 | 2480 0000 | 0048 8b54 

  0x000002098023c2d0: ;   {metadata(method data for {method} {0x000002098f4371a8} 'defineClass' '(Ljava/lang/String;[BIILjava/security/ProtectionDomain;)Ljava/lang/Class;' in 'java/lang/ClassLoader')}
  0x000002098023c2d0: 2478 48b9 | 68d1 27d0 | 0902 0000 | 4883 8180 | 0100 0001 | 4c8b da49 | 8bd3 488b | c848 891c 
  0x000002098023c2f0: 2466 0f1f 

  0x000002098023c2f4: ;   {static_call}
  0x000002098023c2f4: 4400 00e8 

  0x000002098023c2f8: ; ImmutableOopMap {[120]=Oop [152]=Oop }
                      ;*invokestatic defineClass1 {reexecute=0 rethrow=0 return_oop=0}
                      ; - java.lang.ClassLoader::defineClass@27 (line 1027)
  0x000002098023c2f8: 6497 8c07 

  0x000002098023c2fc: ;   {other}
  0x000002098023c2fc: 0f1f 8400 | 6c05 0002 | 488b 5424 

  0x000002098023c308: ;   {metadata(method data for {method} {0x000002098f4371a8} 'defineClass' '(Ljava/lang/String;[BIILjava/security/ProtectionDomain;)Ljava/lang/Class;' in 'java/lang/ClassLoader')}
  0x000002098023c308: 7849 b868 | d127 d009 | 0200 0049 | 8380 9001 | 0000 014c | 8bc0 4c8b | 8c24 9800 | 0000 488b 
  0x000002098023c328: 5424 7848 | 8984 24a0 | 0000 000f 

  0x000002098023c334: ;   {optimized virtual_call}
  0x000002098023c334: 1f40 00e8 

  0x000002098023c338: ; ImmutableOopMap {[160]=Oop }
                      ;*invokevirtual postDefineClass {reexecute=0 rethrow=0 return_oop=0}
                      ; - java.lang.ClassLoader::defineClass@37 (line 1028)
  0x000002098023c338: e44c feff 

  0x000002098023c33c: ;   {other}
  0x000002098023c33c: 0f1f 8400 | ac05 0003 | 488b 8424 | a000 0000 | 4881 c4b0 | 0000 005d 

  0x000002098023c354: ;   {poll_return}
  0x000002098023c354: 493b a748 | 0400 000f | 8799 0000 

  0x000002098023c360: ;   {metadata({method} {0x000002098f4371a8} 'defineClass' '(Ljava/lang/String;[BIILjava/security/ProtectionDomain;)Ljava/lang/Class;' in 'java/lang/ClassLoader')}
  0x000002098023c360: 00c3 49ba | a071 438f | 0902 0000 | 4c89 5424 | 0848 c704 | 24ff ffff 

  0x000002098023c378: ;   {runtime_call counter_overflow Runtime1 stub}
  0x000002098023c378: ffe8 0287 

  0x000002098023c37c: ; ImmutableOopMap {rdx=Oop r8=Oop r9=Oop rcx=Oop [120]=Oop }
                      ;*synchronization entry
                      ; - java.lang.ClassLoader::defineClass@-1 (line 1025)
  0x000002098023c37c: 4007 e987 

  0x000002098023c380: ;   {metadata({method} {0x000002098f436e90} 'defineClassSourceLocation' '(Ljava/security/ProtectionDomain;)Ljava/lang/String;' in 'java/lang/ClassLoader')}
  0x000002098023c380: fcff ff49 | ba88 6e43 | 8f09 0200 | 004c 8954 | 2408 48c7 | 0424 ffff 

  0x000002098023c398: ;   {runtime_call counter_overflow Runtime1 stub}
  0x000002098023c398: ffff e8e1 

  0x000002098023c39c: ; ImmutableOopMap {rax=Oop [120]=Oop [128]=Oop [136]=Oop [152]=Oop }
                      ;*synchronization entry
                      ; - java.lang.ClassLoader::defineClassSourceLocation@-1 (line 924)
                      ; - java.lang.ClassLoader::defineClass@12 (line 1026)
  0x000002098023c39c: 8640 07e9 | 00fd ffff 

  0x000002098023c3a4: ;   {runtime_call throw_null_pointer_exception Runtime1 stub}
  0x000002098023c3a4: e857 3240 

  0x000002098023c3a8: ; ImmutableOopMap {rax=Oop [120]=Oop [128]=Oop [136]=Oop [152]=Oop }
                      ;*invokevirtual getCodeSource {reexecute=0 rethrow=0 return_oop=0}
                      ; - java.lang.ClassLoader::defineClassSourceLocation@1 (line 924)
                      ; - java.lang.ClassLoader::defineClass@12 (line 1026)
                      ;   {runtime_call throw_null_pointer_exception Runtime1 stub}
  0x000002098023c3a8: 07e8 5232 

  0x000002098023c3ac: ; ImmutableOopMap {rax=Oop r8=Oop [120]=Oop [128]=Oop [136]=Oop [152]=Oop }
                      ;*invokevirtual getLocation {reexecute=0 rethrow=0 return_oop=0}
                      ; - java.lang.ClassLoader::defineClassSourceLocation@12 (line 926)
                      ; - java.lang.ClassLoader::defineClass@12 (line 1026)
                      ;   {runtime_call throw_null_pointer_exception Runtime1 stub}
  0x000002098023c3ac: 4007 e84d 

  0x000002098023c3b0: ; ImmutableOopMap {rdx=Oop [120]=Oop [128]=Oop [136]=Oop [152]=Oop }
                      ;*invokevirtual toString {reexecute=0 rethrow=0 return_oop=0}
                      ; - java.lang.ClassLoader::defineClassSourceLocation@22 (line 927)
                      ; - java.lang.ClassLoader::defineClass@12 (line 1026)
                      ;   {metadata({method} {0x000002098f01ade8} 'toString' '()Ljava/lang/String;' in 'java/net/URL')}
  0x000002098023c3b0: 3240 0749 | bae0 ad01 | 8f09 0200 | 004c 8954 | 2408 48c7 | 0424 ffff 

  0x000002098023c3c8: ;   {runtime_call counter_overflow Runtime1 stub}
  0x000002098023c3c8: ffff e8b1 

  0x000002098023c3cc: ; ImmutableOopMap {rdx=Oop [120]=Oop [128]=Oop [136]=Oop [152]=Oop }
                      ;*synchronization entry
                      ; - java.net.URL::toString@-1 (line 1189)
                      ; - java.lang.ClassLoader::defineClassSourceLocation@22 (line 927)
                      ; - java.lang.ClassLoader::defineClass@12 (line 1026)
  0x000002098023c3cc: 8640 07e9 | dffd ffff 

  0x000002098023c3d4: ;   {metadata({method} {0x000002098f42aa30} 'toExternalForm' '()Ljava/lang/String;' in 'java/net/URL')}
  0x000002098023c3d4: 49ba 28aa | 428f 0902 | 0000 4c89 | 5424 0848 | c704 24ff 

  0x000002098023c3e8: ;   {runtime_call counter_overflow Runtime1 stub}
  0x000002098023c3e8: ffff ffe8 

  0x000002098023c3ec: ; ImmutableOopMap {rdx=Oop [120]=Oop [128]=Oop [136]=Oop [152]=Oop }
                      ;*synchronization entry
                      ; - java.net.URL::toExternalForm@-1 (line 1203)
                      ; - java.net.URL::toString@1 (line 1189)
                      ; - java.lang.ClassLoader::defineClassSourceLocation@22 (line 927)
                      ; - java.lang.ClassLoader::defineClass@12 (line 1026)
  0x000002098023c3ec: 9086 4007 | e9fc fdff 

  0x000002098023c3f4: ;   {runtime_call throw_null_pointer_exception Runtime1 stub}
  0x000002098023c3f4: ffe8 0632 

  0x000002098023c3f8: ; ImmutableOopMap {rdx=Oop rsi=Oop [120]=Oop [128]=Oop [136]=Oop [152]=Oop }
                      ;*invokevirtual toExternalForm {reexecute=0 rethrow=0 return_oop=0}
                      ; - java.net.URL::toExternalForm@5 (line 1203)
                      ; - java.net.URL::toString@1 (line 1189)
                      ; - java.lang.ClassLoader::defineClassSourceLocation@22 (line 927)
                      ; - java.lang.ClassLoader::defineClass@12 (line 1026)
                      ;   {internal_word}
  0x000002098023c3f8: 4007 49ba | 54c3 2380 | 0902 0000 | 4d89 9760 

  0x000002098023c408: ;   {runtime_call SafepointBlob}
  0x000002098023c408: 0400 00e9 | f092 3407 | 498b 87f8 | 0400 0049 | c787 f804 | 0000 0000 | 0000 49c7 | 8700 0500 
  0x000002098023c428: 0000 0000 | 0048 81c4 | b000 0000 

  0x000002098023c434: ;   {runtime_call unwind_exception Runtime1 stub}
  0x000002098023c434: 5de9 c622 | 4007 f4f4 | f4f4 f4f4 
[Stub Code]
  0x000002098023c440: ;   {no_reloc}
  0x000002098023c440: 0f1f 4400 

  0x000002098023c444: ;   {static_stub}
  0x000002098023c444: 0048 bb00 | 0000 0000 

  0x000002098023c44c: ;   {runtime_call nmethod}
  0x000002098023c44c: 0000 00e9 | fbff ffff 

  0x000002098023c454: ;   {static_stub}
  0x000002098023c454: 48bb 0000 | 0000 0000 

  0x000002098023c45c: ;   {runtime_call nmethod}
  0x000002098023c45c: 0000 e9fb 

  0x000002098023c460: ;   {static_stub}
  0x000002098023c460: ffff ff48 | bb00 0000 | 0000 0000 

  0x000002098023c46c: ;   {runtime_call nmethod}
  0x000002098023c46c: 00e9 fbff 

  0x000002098023c470: ;   {static_stub}
  0x000002098023c470: ffff 48bb | 0000 0000 | 0000 0000 

  0x000002098023c47c: ;   {runtime_call nmethod}
  0x000002098023c47c: e9fb ffff 

  0x000002098023c480: ;   {runtime_call handle_exception_from_callee Runtime1 stub}
  0x000002098023c480: ffe8 fa52 

  0x000002098023c484: ;   {external_word}
  0x000002098023c484: 4007 48b9 | 90e2 aef5 | fa7f 0000 | 4883 e4f0 

  0x000002098023c494: ;   {runtime_call}
  0x000002098023c494: 48b8 1079 | 71f5 fa7f | 0000 ffd0 

  0x000002098023c4a0: ;   {section_word}
  0x000002098023c4a0: f449 baa1 | c423 8009 | 0200 0041 

  0x000002098023c4ac: ;   {runtime_call DeoptimizationBlob}
  0x000002098023c4ac: 52e9 ee84 | 3407 f4f4 | f4f4 f4f4 
[/MachCode]


Compiled method (c1) 3889 1182       3       java.security.SecureClassLoader::defineClass (16 bytes)
 total in heap  [0x0000020980232a90,0x0000020980232e90] = 1024
 relocation     [0x0000020980232bf0,0x0000020980232c40] = 80
 main code      [0x0000020980232c40,0x0000020980232d98] = 344
 stub code      [0x0000020980232d98,0x0000020980232de8] = 80
 metadata       [0x0000020980232de8,0x0000020980232df0] = 8
 scopes data    [0x0000020980232df0,0x0000020980232e38] = 72
 scopes pcs     [0x0000020980232e38,0x0000020980232e88] = 80
 dependencies   [0x0000020980232e88,0x0000020980232e90] = 8

[Constant Pool (empty)]

[MachCode]
[Entry Point]
  # {method} {0x000002098f04dfa8} 'defineClass' '(Ljava/lang/String;[BIILjava/security/CodeSource;)Ljava/lang/Class;' in 'java/security/SecureClassLoader'
  # this:     rdx:rdx   = 'java/security/SecureClassLoader'
  # parm0:    r8:r8     = 'java/lang/String'
  # parm1:    r9:r9     = '[B'
  # parm2:    rdi       = int
  # parm3:    rsi       = int
  # parm4:    rcx:rcx   = 'java/security/CodeSource'
  #           [sp+0x80]  (sp of caller)
  0x0000020980232c40: 448b 5208 | 49bb 0000 | 008f 0902 | 0000 4d03 | d34c 3bd0 

  0x0000020980232c54: ;   {runtime_call ic_miss_stub}
  0x0000020980232c54: 0f85 26bb | 3407 660f | 1f44 0000 
[Verified Entry Point]
  0x0000020980232c60: 8984 2400 | 80ff ff55 | 4883 ec70 | 4181 7f20 | 0100 0000 

  0x0000020980232c74: ;   {runtime_call StubRoutines (final stubs)}
  0x0000020980232c74: 7405 e8e5 

  0x0000020980232c78: ;   {metadata(method data for {method} {0x000002098f04dfa8} 'defineClass' '(Ljava/lang/String;[BIILjava/security/CodeSource;)Ljava/lang/Class;' in 'java/security/SecureClassLoader')}
  0x0000020980232c78: 2133 0748 | bb90 4b27 | d009 0200 | 008b 83cc | 0000 0083 | c002 8983 | cc00 0000 | 25fe 0700 
  0x0000020980232c98: 0085 c00f | 8496 0000 | 0089 7424 | 5c89 7c24 | 584c 894c | 2450 4c89 | 4424 4848 

  0x0000020980232cb4: ;   {metadata(method data for {method} {0x000002098f04dfa8} 'defineClass' '(Ljava/lang/String;[BIILjava/security/CodeSource;)Ljava/lang/Class;' in 'java/security/SecureClassLoader')}
  0x0000020980232cb4: 8bda 48b8 | 904b 27d0 | 0902 0000 | 4883 8010 | 0100 0001 | 4c8b c148 | 8bc2 488b | d048 8944 
  0x0000020980232cd4: ;   {optimized virtual_call}
  0x0000020980232cd4: 2440 90e8 

  0x0000020980232cd8: ; ImmutableOopMap {[64]=Oop [72]=Oop [80]=Oop }
                      ;*invokevirtual getProtectionDomain {reexecute=0 rethrow=0 return_oop=0}
                      ; - java.security.SecureClassLoader::defineClass@9 (line 150)
  0x0000020980232cd8: c4ca feff 

  0x0000020980232cdc: ;   {other}
  0x0000020980232cdc: 0f1f 8400 | 4c02 0000 | 488b 5424 

  0x0000020980232ce8: ;   {metadata(method data for {method} {0x000002098f04dfa8} 'defineClass' '(Ljava/lang/String;[BIILjava/security/CodeSource;)Ljava/lang/Class;' in 'java/security/SecureClassLoader')}
  0x0000020980232ce8: 4049 b890 | 4b27 d009 | 0200 0049 | 8380 4801 | 0000 014c | 8b44 2448 | 4c8b 4c24 | 508b 7c24 
  0x0000020980232d08: 588b 7424 | 5c48 8bc8 | 488b 5424 

  0x0000020980232d14: ;   {optimized virtual_call}
  0x0000020980232d14: 4066 90e8 

  0x0000020980232d18: ; ImmutableOopMap {}
                      ;*invokevirtual defineClass {reexecute=0 rethrow=0 return_oop=0}
                      ; - java.security.SecureClassLoader::defineClass@12 (line 150)
  0x0000020980232d18: a492 0000 

  0x0000020980232d1c: ;   {other}
  0x0000020980232d1c: 0f1f 8400 | 8c02 0001 | 4883 c470 

  0x0000020980232d28: ;   {poll_return}
  0x0000020980232d28: 5d49 3ba7 | 4804 0000 | 0f87 2200 

  0x0000020980232d34: ;   {metadata({method} {0x000002098f04dfa8} 'defineClass' '(Ljava/lang/String;[BIILjava/security/CodeSource;)Ljava/lang/Class;' in 'java/security/SecureClassLoader')}
  0x0000020980232d34: 0000 c349 | baa0 df04 | 8f09 0200 | 004c 8954 | 2408 48c7 | 0424 ffff 

  0x0000020980232d4c: ;   {runtime_call counter_overflow Runtime1 stub}
  0x0000020980232d4c: ffff e82d 

  0x0000020980232d50: ; ImmutableOopMap {rdx=Oop r8=Oop r9=Oop rcx=Oop }
                      ;*synchronization entry
                      ; - java.security.SecureClassLoader::defineClass@-1 (line 150)
  0x0000020980232d50: 1d41 07e9 | 49ff ffff 

  0x0000020980232d58: ;   {internal_word}
  0x0000020980232d58: 49ba 292d | 2380 0902 | 0000 4d89 | 9760 0400 

  0x0000020980232d68: ;   {runtime_call SafepointBlob}
  0x0000020980232d68: 00e9 9229 | 3507 498b | 87f8 0400 | 0049 c787 | f804 0000 | 0000 0000 | 49c7 8700 | 0500 0000 
  0x0000020980232d88: 0000 0048 | 83c4 705d 

  0x0000020980232d90: ;   {runtime_call unwind_exception Runtime1 stub}
  0x0000020980232d90: e96b b940 | 07f4 f4f4 
[Stub Code]
  0x0000020980232d98: ;   {no_reloc}
  0x0000020980232d98: 48bb 0000 | 0000 0000 

  0x0000020980232da0: ;   {runtime_call nmethod}
  0x0000020980232da0: 0000 e9fb 

  0x0000020980232da4: ;   {static_stub}
  0x0000020980232da4: ffff ff48 | bba0 7143 | 8f09 0200 

  0x0000020980232db0: ;   {runtime_call I2C/C2I adapters}
  0x0000020980232db0: 00e9 bfe3 

  0x0000020980232db4: ;   {runtime_call handle_exception_from_callee Runtime1 stub}
  0x0000020980232db4: 3307 e8c5 

  0x0000020980232db8: ;   {external_word}
  0x0000020980232db8: e940 0748 | b990 e2ae | f5fa 7f00 | 0048 83e4 

  0x0000020980232dc8: ;   {runtime_call}
  0x0000020980232dc8: f048 b810 | 7971 f5fa | 7f00 00ff 

  0x0000020980232dd4: ;   {section_word}
  0x0000020980232dd4: d0f4 49ba | d62d 2380 | 0902 0000 

  0x0000020980232de0: ;   {runtime_call DeoptimizationBlob}
  0x0000020980232de0: 4152 e9b9 | 1b35 07f4 
[/MachCode]


---------------  P R O C E S S  ---------------

Threads class SMR info:
_java_thread_list=0x00000209d451aa00, length=11, elements={
0x00000209f62188f0, 0x00000209ff1dee10, 0x00000209ff1e0070, 0x00000209ff1e2560,
0x00000209ff1e45d0, 0x00000209ff1e5020, 0x00000209ff1f73b0, 0x00000209ff1fc550,
0x00000209ff1ff400, 0x00000209ff333930, 0x00000209ff340630
}

Java Threads: ( => current thread )
=>0x00000209f62188f0 JavaThread "main"                              [_thread_in_vm, id=13904, stack(0x000000be02a00000,0x000000be02b00000) (1024K)]
  0x00000209ff1dee10 JavaThread "Reference Handler"          daemon [_thread_blocked, id=17864, stack(0x000000be03200000,0x000000be03300000) (1024K)]
  0x00000209ff1e0070 JavaThread "Finalizer"                  daemon [_thread_blocked, id=4704, stack(0x000000be03300000,0x000000be03400000) (1024K)]
  0x00000209ff1e2560 JavaThread "Signal Dispatcher"          daemon [_thread_blocked, id=13660, stack(0x000000be03400000,0x000000be03500000) (1024K)]
  0x00000209ff1e45d0 JavaThread "Attach Listener"            daemon [_thread_blocked, id=17632, stack(0x000000be03500000,0x000000be03600000) (1024K)]
  0x00000209ff1e5020 JavaThread "Service Thread"             daemon [_thread_blocked, id=19672, stack(0x000000be03600000,0x000000be03700000) (1024K)]
  0x00000209ff1f73b0 JavaThread "Monitor Deflation Thread"   daemon [_thread_blocked, id=18692, stack(0x000000be03700000,0x000000be03800000) (1024K)]
  0x00000209ff1fc550 JavaThread "C2 CompilerThread0"         daemon [_thread_blocked, id=12208, stack(0x000000be03800000,0x000000be03900000) (1024K)]
  0x00000209ff1ff400 JavaThread "C1 CompilerThread0"         daemon [_thread_blocked, id=20132, stack(0x000000be03900000,0x000000be03a00000) (1024K)]
  0x00000209ff333930 JavaThread "Notification Thread"        daemon [_thread_blocked, id=2024, stack(0x000000be03a00000,0x000000be03b00000) (1024K)]
  0x00000209ff340630 JavaThread "Common-Cleaner"             daemon [_thread_blocked, id=22736, stack(0x000000be03b00000,0x000000be03c00000) (1024K)]
Total: 11

Other Threads:
  0x00000209ff1c5300 VMThread "VM Thread"                           [id=18724, stack(0x000000be03100000,0x000000be03200000) (1024K)]
  0x00000209ff1b5190 WatcherThread "VM Periodic Task Thread"        [id=16440, stack(0x000000be03000000,0x000000be03100000) (1024K)]
  0x00000209f6263180 WorkerThread "GC Thread#0"                     [id=11472, stack(0x000000be02b00000,0x000000be02c00000) (1024K)]
  0x00000209ffc73320 WorkerThread "GC Thread#1"                     [id=1212, stack(0x000000be03c00000,0x000000be03d00000) (1024K)]
  0x00000209ffc736c0 WorkerThread "GC Thread#2"                     [id=25372, stack(0x000000be03d00000,0x000000be03e00000) (1024K)]
  0x00000209ffc6d9d0 WorkerThread "GC Thread#3"                     [id=16836, stack(0x000000be03e00000,0x000000be03f00000) (1024K)]
  0x00000209f626e8f0 ConcurrentGCThread "G1 Main Marker"            [id=1020, stack(0x000000be02c00000,0x000000be02d00000) (1024K)]
  0x00000209f626f870 WorkerThread "G1 Conc#0"                       [id=11268, stack(0x000000be02d00000,0x000000be02e00000) (1024K)]
  0x00000209ff084140 ConcurrentGCThread "G1 Refine#0"               [id=18048, stack(0x000000be02e00000,0x000000be02f00000) (1024K)]
  0x00000209ff084960 ConcurrentGCThread "G1 Service"                [id=15140, stack(0x000000be02f00000,0x000000be03000000) (1024K)]
Total: 10

Threads with active compile tasks:
Total: 0

VM state: not at safepoint (normal execution)

VM Mutex/Monitor currently owned by a thread: None

Heap address: 0x0000000761c00000, size: 2532 MB, Compressed Oops mode: Zero based, Oop shift amount: 3

CDS archive(s) mapped at: [0x000002098f000000-0x000002098fc80000-0x000002098fc80000), size 13107200, SharedBaseAddress: 0x000002098f000000, ArchiveRelocationMode: 1.
Compressed class space mapped at: 0x0000020990000000-0x00000209d0000000, reserved size: 1073741824
Narrow klass base: 0x000002098f000000, Narrow klass shift: 0, Narrow klass range: 0x100000000

GC Precious Log:
 CardTable entry size: 512
 Card Set container configuration: InlinePtr #cards 4 size 8 Array Of Cards #cards 16 size 48 Howl #buckets 8 coarsen threshold 3686 Howl Bitmap #cards 512 size 80 coarsen threshold 460 Card regions per heap region 1 cards per card region 4096
 CPUs: 4 total, 4 available
 Memory: 10120M
 Large Page Support: Disabled
 NUMA Support: Disabled
 Compressed Oops: Enabled (Zero based)
 Heap Region Size: 2M
 Heap Min Capacity: 8M
 Heap Initial Capacity: 160M
 Heap Max Capacity: 2532M
 Pre-touch: Disabled
 Parallel Workers: 4
 Concurrent Workers: 1
 Concurrent Refinement Workers: 4
 Periodic GC: Disabled

Heap:
 garbage-first heap   total 163840K, used 52341K [0x0000000761c00000, 0x0000000800000000)
  region size 2048K, 18 young (36864K), 2 survivors (4096K)
 Metaspace       used 18224K, committed 18368K, reserved 1114112K
  class space    used 2822K, committed 2880K, reserved 1048576K

Heap Regions: E=young(eden), S=young(survivor), O=old, HS=humongous(starts), HC=humongous(continues), CS=collection set, F=free, TAMS=top-at-mark-start, PB=parsable bottom
|   0|0x0000000761c00000, 0x0000000761e00000, 0x0000000761e00000|100%|HS|  |TAMS 0x0000000761c00000| PB 0x0000000761c00000| Complete 
|   1|0x0000000761e00000, 0x0000000762000000, 0x0000000762000000|100%|HC|  |TAMS 0x0000000761e00000| PB 0x0000000761e00000| Complete 
|   2|0x0000000762000000, 0x0000000762200000, 0x0000000762200000|100%|HC|  |TAMS 0x0000000762000000| PB 0x0000000762000000| Complete 
|   3|0x0000000762200000, 0x0000000762400000, 0x0000000762400000|100%|HC|  |TAMS 0x0000000762200000| PB 0x0000000762200000| Complete 
|   4|0x0000000762400000, 0x0000000762600000, 0x0000000762600000|100%|HC|  |TAMS 0x0000000762400000| PB 0x0000000762400000| Complete 
|   5|0x0000000762600000, 0x0000000762800000, 0x0000000762800000|100%|HC|  |TAMS 0x0000000762600000| PB 0x0000000762600000| Complete 
|   6|0x0000000762800000, 0x0000000762a00000, 0x0000000762a00000|100%| O|  |TAMS 0x0000000762800000| PB 0x0000000762800000| Untracked 
|   7|0x0000000762a00000, 0x0000000762c00000, 0x0000000762c00000|100%| O|  |TAMS 0x0000000762a00000| PB 0x0000000762a00000| Untracked 
|   8|0x0000000762c00000, 0x0000000762d1d7a8, 0x0000000762e00000| 55%| O|  |TAMS 0x0000000762c00000| PB 0x0000000762c00000| Untracked 
|   9|0x0000000762e00000, 0x0000000762e00000, 0x0000000763000000|  0%| F|  |TAMS 0x0000000762e00000| PB 0x0000000762e00000| Untracked 
|  10|0x0000000763000000, 0x0000000763000000, 0x0000000763200000|  0%| F|  |TAMS 0x0000000763000000| PB 0x0000000763000000| Untracked 
|  11|0x0000000763200000, 0x0000000763200000, 0x0000000763400000|  0%| F|  |TAMS 0x0000000763200000| PB 0x0000000763200000| Untracked 
|  12|0x0000000763400000, 0x0000000763400000, 0x0000000763600000|  0%| F|  |TAMS 0x0000000763400000| PB 0x0000000763400000| Untracked 
|  13|0x0000000763600000, 0x0000000763600000, 0x0000000763800000|  0%| F|  |TAMS 0x0000000763600000| PB 0x0000000763600000| Untracked 
|  14|0x0000000763800000, 0x0000000763800000, 0x0000000763a00000|  0%| F|  |TAMS 0x0000000763800000| PB 0x0000000763800000| Untracked 
|  15|0x0000000763a00000, 0x0000000763a00000, 0x0000000763c00000|  0%| F|  |TAMS 0x0000000763a00000| PB 0x0000000763a00000| Untracked 
|  16|0x0000000763c00000, 0x0000000763c00000, 0x0000000763e00000|  0%| F|  |TAMS 0x0000000763c00000| PB 0x0000000763c00000| Untracked 
|  17|0x0000000763e00000, 0x0000000763e00000, 0x0000000764000000|  0%| F|  |TAMS 0x0000000763e00000| PB 0x0000000763e00000| Untracked 
|  18|0x0000000764000000, 0x0000000764000000, 0x0000000764200000|  0%| F|  |TAMS 0x0000000764000000| PB 0x0000000764000000| Untracked 
|  19|0x0000000764200000, 0x0000000764200000, 0x0000000764400000|  0%| F|  |TAMS 0x0000000764200000| PB 0x0000000764200000| Untracked 
|  20|0x0000000764400000, 0x0000000764400000, 0x0000000764600000|  0%| F|  |TAMS 0x0000000764400000| PB 0x0000000764400000| Untracked 
|  21|0x0000000764600000, 0x0000000764600000, 0x0000000764800000|  0%| F|  |TAMS 0x0000000764600000| PB 0x0000000764600000| Untracked 
|  22|0x0000000764800000, 0x0000000764800000, 0x0000000764a00000|  0%| F|  |TAMS 0x0000000764800000| PB 0x0000000764800000| Untracked 
|  23|0x0000000764a00000, 0x0000000764a00000, 0x0000000764c00000|  0%| F|  |TAMS 0x0000000764a00000| PB 0x0000000764a00000| Untracked 
|  24|0x0000000764c00000, 0x0000000764c00000, 0x0000000764e00000|  0%| F|  |TAMS 0x0000000764c00000| PB 0x0000000764c00000| Untracked 
|  25|0x0000000764e00000, 0x0000000764e00000, 0x0000000765000000|  0%| F|  |TAMS 0x0000000764e00000| PB 0x0000000764e00000| Untracked 
|  26|0x0000000765000000, 0x0000000765000000, 0x0000000765200000|  0%| F|  |TAMS 0x0000000765000000| PB 0x0000000765000000| Untracked 
|  27|0x0000000765200000, 0x0000000765200000, 0x0000000765400000|  0%| F|  |TAMS 0x0000000765200000| PB 0x0000000765200000| Untracked 
|  28|0x0000000765400000, 0x0000000765400000, 0x0000000765600000|  0%| F|  |TAMS 0x0000000765400000| PB 0x0000000765400000| Untracked 
|  29|0x0000000765600000, 0x0000000765600000, 0x0000000765800000|  0%| F|  |TAMS 0x0000000765600000| PB 0x0000000765600000| Untracked 
|  30|0x0000000765800000, 0x0000000765800000, 0x0000000765a00000|  0%| F|  |TAMS 0x0000000765800000| PB 0x0000000765800000| Untracked 
|  31|0x0000000765a00000, 0x0000000765a00000, 0x0000000765c00000|  0%| F|  |TAMS 0x0000000765a00000| PB 0x0000000765a00000| Untracked 
|  32|0x0000000765c00000, 0x0000000765c00000, 0x0000000765e00000|  0%| F|  |TAMS 0x0000000765c00000| PB 0x0000000765c00000| Untracked 
|  33|0x0000000765e00000, 0x0000000765e00000, 0x0000000766000000|  0%| F|  |TAMS 0x0000000765e00000| PB 0x0000000765e00000| Untracked 
|  34|0x0000000766000000, 0x0000000766000000, 0x0000000766200000|  0%| F|  |TAMS 0x0000000766000000| PB 0x0000000766000000| Untracked 
|  35|0x0000000766200000, 0x0000000766200000, 0x0000000766400000|  0%| F|  |TAMS 0x0000000766200000| PB 0x0000000766200000| Untracked 
|  36|0x0000000766400000, 0x0000000766400000, 0x0000000766600000|  0%| F|  |TAMS 0x0000000766400000| PB 0x0000000766400000| Untracked 
|  37|0x0000000766600000, 0x0000000766600000, 0x0000000766800000|  0%| F|  |TAMS 0x0000000766600000| PB 0x0000000766600000| Untracked 
|  38|0x0000000766800000, 0x0000000766800000, 0x0000000766a00000|  0%| F|  |TAMS 0x0000000766800000| PB 0x0000000766800000| Untracked 
|  39|0x0000000766a00000, 0x0000000766a00000, 0x0000000766c00000|  0%| F|  |TAMS 0x0000000766a00000| PB 0x0000000766a00000| Untracked 
|  40|0x0000000766c00000, 0x0000000766c00000, 0x0000000766e00000|  0%| F|  |TAMS 0x0000000766c00000| PB 0x0000000766c00000| Untracked 
|  41|0x0000000766e00000, 0x0000000766e00000, 0x0000000767000000|  0%| F|  |TAMS 0x0000000766e00000| PB 0x0000000766e00000| Untracked 
|  42|0x0000000767000000, 0x0000000767000000, 0x0000000767200000|  0%| F|  |TAMS 0x0000000767000000| PB 0x0000000767000000| Untracked 
|  43|0x0000000767200000, 0x0000000767200000, 0x0000000767400000|  0%| F|  |TAMS 0x0000000767200000| PB 0x0000000767200000| Untracked 
|  44|0x0000000767400000, 0x0000000767400000, 0x0000000767600000|  0%| F|  |TAMS 0x0000000767400000| PB 0x0000000767400000| Untracked 
|  45|0x0000000767600000, 0x0000000767600000, 0x0000000767800000|  0%| F|  |TAMS 0x0000000767600000| PB 0x0000000767600000| Untracked 
|  46|0x0000000767800000, 0x0000000767800000, 0x0000000767a00000|  0%| F|  |TAMS 0x0000000767800000| PB 0x0000000767800000| Untracked 
|  47|0x0000000767a00000, 0x0000000767a00000, 0x0000000767c00000|  0%| F|  |TAMS 0x0000000767a00000| PB 0x0000000767a00000| Untracked 
|  48|0x0000000767c00000, 0x0000000767c00000, 0x0000000767e00000|  0%| F|  |TAMS 0x0000000767c00000| PB 0x0000000767c00000| Untracked 
|  49|0x0000000767e00000, 0x0000000767e00000, 0x0000000768000000|  0%| F|  |TAMS 0x0000000767e00000| PB 0x0000000767e00000| Untracked 
|  50|0x0000000768000000, 0x0000000768000000, 0x0000000768200000|  0%| F|  |TAMS 0x0000000768000000| PB 0x0000000768000000| Untracked 
|  51|0x0000000768200000, 0x0000000768200000, 0x0000000768400000|  0%| F|  |TAMS 0x0000000768200000| PB 0x0000000768200000| Untracked 
|  52|0x0000000768400000, 0x0000000768400000, 0x0000000768600000|  0%| F|  |TAMS 0x0000000768400000| PB 0x0000000768400000| Untracked 
|  53|0x0000000768600000, 0x0000000768600000, 0x0000000768800000|  0%| F|  |TAMS 0x0000000768600000| PB 0x0000000768600000| Untracked 
|  54|0x0000000768800000, 0x0000000768800000, 0x0000000768a00000|  0%| F|  |TAMS 0x0000000768800000| PB 0x0000000768800000| Untracked 
|  55|0x0000000768a00000, 0x0000000768a00000, 0x0000000768c00000|  0%| F|  |TAMS 0x0000000768a00000| PB 0x0000000768a00000| Untracked 
|  56|0x0000000768c00000, 0x0000000768c00000, 0x0000000768e00000|  0%| F|  |TAMS 0x0000000768c00000| PB 0x0000000768c00000| Untracked 
|  57|0x0000000768e00000, 0x0000000768e00000, 0x0000000769000000|  0%| F|  |TAMS 0x0000000768e00000| PB 0x0000000768e00000| Untracked 
|  58|0x0000000769000000, 0x0000000769000000, 0x0000000769200000|  0%| F|  |TAMS 0x0000000769000000| PB 0x0000000769000000| Untracked 
|  59|0x0000000769200000, 0x0000000769200000, 0x0000000769400000|  0%| F|  |TAMS 0x0000000769200000| PB 0x0000000769200000| Untracked 
|  60|0x0000000769400000, 0x0000000769400000, 0x0000000769600000|  0%| F|  |TAMS 0x0000000769400000| PB 0x0000000769400000| Untracked 
|  61|0x0000000769600000, 0x0000000769600000, 0x0000000769800000|  0%| F|  |TAMS 0x0000000769600000| PB 0x0000000769600000| Untracked 
|  62|0x0000000769800000, 0x0000000769885368, 0x0000000769a00000| 26%| E|  |TAMS 0x0000000769800000| PB 0x0000000769800000| Complete 
|  63|0x0000000769a00000, 0x0000000769c00000, 0x0000000769c00000|100%| S|CS|TAMS 0x0000000769a00000| PB 0x0000000769a00000| Complete 
|  64|0x0000000769c00000, 0x0000000769e00000, 0x0000000769e00000|100%| S|CS|TAMS 0x0000000769c00000| PB 0x0000000769c00000| Complete 
|  65|0x0000000769e00000, 0x000000076a000000, 0x000000076a000000|100%| E|CS|TAMS 0x0000000769e00000| PB 0x0000000769e00000| Complete 
|  66|0x000000076a000000, 0x000000076a200000, 0x000000076a200000|100%| E|CS|TAMS 0x000000076a000000| PB 0x000000076a000000| Complete 
|  67|0x000000076a200000, 0x000000076a400000, 0x000000076a400000|100%| E|CS|TAMS 0x000000076a200000| PB 0x000000076a200000| Complete 
|  68|0x000000076a400000, 0x000000076a600000, 0x000000076a600000|100%| E|CS|TAMS 0x000000076a400000| PB 0x000000076a400000| Complete 
|  69|0x000000076a600000, 0x000000076a800000, 0x000000076a800000|100%| E|CS|TAMS 0x000000076a600000| PB 0x000000076a600000| Complete 
|  70|0x000000076a800000, 0x000000076aa00000, 0x000000076aa00000|100%| E|CS|TAMS 0x000000076a800000| PB 0x000000076a800000| Complete 
|  71|0x000000076aa00000, 0x000000076ac00000, 0x000000076ac00000|100%| E|CS|TAMS 0x000000076aa00000| PB 0x000000076aa00000| Complete 
|  72|0x000000076ac00000, 0x000000076ae00000, 0x000000076ae00000|100%| E|CS|TAMS 0x000000076ac00000| PB 0x000000076ac00000| Complete 
|  73|0x000000076ae00000, 0x000000076b000000, 0x000000076b000000|100%| E|CS|TAMS 0x000000076ae00000| PB 0x000000076ae00000| Complete 
|  74|0x000000076b000000, 0x000000076b200000, 0x000000076b200000|100%| E|CS|TAMS 0x000000076b000000| PB 0x000000076b000000| Complete 
|  75|0x000000076b200000, 0x000000076b400000, 0x000000076b400000|100%| E|CS|TAMS 0x000000076b200000| PB 0x000000076b200000| Complete 
|  76|0x000000076b400000, 0x000000076b600000, 0x000000076b600000|100%| E|CS|TAMS 0x000000076b400000| PB 0x000000076b400000| Complete 
|  77|0x000000076b600000, 0x000000076b800000, 0x000000076b800000|100%| E|CS|TAMS 0x000000076b600000| PB 0x000000076b600000| Complete 
|  78|0x000000076b800000, 0x000000076ba00000, 0x000000076ba00000|100%| E|CS|TAMS 0x000000076b800000| PB 0x000000076b800000| Complete 
|  79|0x000000076ba00000, 0x000000076bc00000, 0x000000076bc00000|100%| E|CS|TAMS 0x000000076ba00000| PB 0x000000076ba00000| Complete 

Card table byte_map: [0x00000209fa080000,0x00000209fa580000] _byte_map_base: 0x00000209f6572000

Marking Bits: (CMBitMap*) 0x00000209f6263880
 Bits: [0x00000209fa580000, 0x00000209fcd10000)

Polling page: 0x00000209f37e0000

Metaspace:

Usage:
  Non-class:     15.04 MB used.
      Class:      2.76 MB used.
       Both:     17.80 MB used.

Virtual space:
  Non-class space:       64.00 MB reserved,      15.12 MB ( 24%) committed,  1 nodes.
      Class space:        1.00 GB reserved,       2.81 MB ( <1%) committed,  1 nodes.
             Both:        1.06 GB reserved,      17.94 MB (  2%) committed. 

Chunk freelists:
   Non-Class:  336.00 KB
       Class:  13.19 MB
        Both:  13.52 MB

MaxMetaspaceSize: unlimited
CompressedClassSpaceSize: 1.00 GB
Initial GC threshold: 21.00 MB
Current GC threshold: 21.00 MB
CDS: on
 - commit_granule_bytes: 65536.
 - commit_granule_words: 8192.
 - virtual_space_node_default_size: 8388608.
 - enlarge_chunks_in_place: 1.
 - use_allocation_guard: 0.


Internal statistics:

num_allocs_failed_limit: 0.
num_arena_births: 100.
num_arena_deaths: 0.
num_vsnodes_births: 2.
num_vsnodes_deaths: 0.
num_space_committed: 287.
num_space_uncommitted: 0.
num_chunks_returned_to_freelist: 0.
num_chunks_taken_from_freelist: 629.
num_chunk_merges: 0.
num_chunk_splits: 519.
num_chunks_enlarged: 466.
num_inconsistent_stats: 0.

CodeHeap 'non-profiled nmethods': size=120000Kb used=868Kb max_used=868Kb free=119131Kb
 bounds [0x0000020987ad0000, 0x0000020987d40000, 0x000002098f000000]
CodeHeap 'profiled nmethods': size=120000Kb used=3481Kb max_used=3481Kb free=116518Kb
 bounds [0x0000020980000000, 0x0000020980370000, 0x0000020987530000]
CodeHeap 'non-nmethods': size=5760Kb used=1399Kb max_used=1453Kb free=4360Kb
 bounds [0x0000020987530000, 0x00000209877a0000, 0x0000020987ad0000]
CodeCache: size=245760Kb, used=5748Kb, max_used=5802Kb, free=240009Kb
 total_blobs=2451, nmethods=1955, adapters=401, full_count=0
Compilation: enabled, stopped_count=0, restarted_count=0

Compilation events (20 events):
Event: 2.812 Thread 0x00000209d44b5bd0 nmethod 1943 0x0000020987b88c90 code [0x0000020987b88f00, 0x0000020987b8a020]
Event: 2.827 Thread 0x00000209d44b5bd0 1944       4       java.lang.ClassLoader::getClassLoadingLock (35 bytes)
Event: 2.828 Thread 0x00000209ff1fc550 1945   !   4       jdk.internal.loader.BuiltinClassLoader::loadClassOrNull (143 bytes)
Event: 2.828 Thread 0x00000209d44b5bd0 nmethod 1944 0x0000020987b8ab90 code [0x0000020987b8ad20, 0x0000020987b8ae80]
Event: 2.851 Thread 0x00000209d44b5bd0 1946       4       sun.net.www.ParseUtil::encodePath (41 bytes)
Event: 2.855 Thread 0x00000209d44b5bd0 nmethod 1946 0x0000020987b8af90 code [0x0000020987b8b140, 0x0000020987b8b3b0]
Event: 2.867 Thread 0x00000209d44b5bd0 1947       4       jdk.internal.loader.BuiltinClassLoader::findLoadedModule (33 bytes)
Event: 2.905 Thread 0x00000209d44b5bd0 nmethod 1947 0x0000020987b8b610 code [0x0000020987b8b840, 0x0000020987b8c430]
Event: 2.905 Thread 0x00000209d44b5bd0 1948   !   4       java.lang.String::<init> (890 bytes)
Event: 2.995 Thread 0x00000209d44b5bd0 nmethod 1948 0x0000020987b8cb10 code [0x0000020987b8ce80, 0x0000020987b8f138]
Event: 3.042 Thread 0x00000209d44b5bd0 1949       4       java.util.stream.ReferencePipeline$2$1::accept (27 bytes)
Event: 3.054 Thread 0x00000209d44b5bd0 nmethod 1949 0x0000020987b8fd10 code [0x0000020987b8ff20, 0x0000020987b906c0]
Event: 3.054 Thread 0x00000209d44b5bd0 1950       4       jdk.nio.zipfs.ZipPath::toString (12 bytes)
Event: 3.061 Thread 0x00000209d44b5bd0 nmethod 1950 0x0000020987b90c10 code [0x0000020987b90dc0, 0x0000020987b910a0]
Event: 3.063 Thread 0x00000209d44b5bd0 1951       4       java.io.WinNTFileSystem::resolve (326 bytes)
Event: 3.083 Thread 0x00000209d44b5bd0 nmethod 1951 0x0000020987b91310 code [0x0000020987b91580, 0x0000020987b92498]
Event: 3.083 Thread 0x00000209d44b5bd0 1952       4       java.security.CodeSource::getCertificates (95 bytes)
Event: 3.084 Thread 0x00000209d44b5bd0 nmethod 1952 0x0000020987b93090 code [0x0000020987b93220, 0x0000020987b932f0]
Event: 3.204 Thread 0x00000209ff1ff400 1953       3       java.util.ArrayDeque$DeqIterator::hasNext (13 bytes)
Event: 3.204 Thread 0x00000209ff1ff400 nmethod 1953 0x0000020980366190 code [0x0000020980366320, 0x0000020980366480]

GC Heap History (6 events):
Event: 1.041 GC heap before
{Heap before GC invocations=0 (full 0):
 garbage-first heap   total 163840K, used 24576K [0x0000000761c00000, 0x0000000800000000)
  region size 2048K, 6 young (12288K), 0 survivors (0K)
 Metaspace       used 3575K, committed 3712K, reserved 1114112K
  class space    used 415K, committed 512K, reserved 1048576K
}
Event: 1.047 GC heap after
{Heap after GC invocations=1 (full 0):
 garbage-first heap   total 163840K, used 16490K [0x0000000761c00000, 0x0000000800000000)
  region size 2048K, 1 young (2048K), 1 survivors (2048K)
 Metaspace       used 3575K, committed 3712K, reserved 1114112K
  class space    used 415K, committed 512K, reserved 1048576K
}
Event: 1.315 GC heap before
{Heap before GC invocations=1 (full 0):
 garbage-first heap   total 163840K, used 24682K [0x0000000761c00000, 0x0000000800000000)
  region size 2048K, 6 young (12288K), 1 survivors (2048K)
 Metaspace       used 6168K, committed 6336K, reserved 1114112K
  class space    used 653K, committed 704K, reserved 1048576K
}
Event: 1.320 GC heap after
{Heap after GC invocations=2 (full 0):
 garbage-first heap   total 163840K, used 17807K [0x0000000761c00000, 0x0000000800000000)
  region size 2048K, 1 young (2048K), 1 survivors (2048K)
 Metaspace       used 6168K, committed 6336K, reserved 1114112K
  class space    used 653K, committed 704K, reserved 1048576K
}
Event: 2.348 GC heap before
{Heap before GC invocations=2 (full 0):
 garbage-first heap   total 163840K, used 44431K [0x0000000761c00000, 0x0000000800000000)
  region size 2048K, 15 young (30720K), 1 survivors (2048K)
 Metaspace       used 12234K, committed 12480K, reserved 1114112K
  class space    used 1599K, committed 1728K, reserved 1048576K
}
Event: 2.354 GC heap after
{Heap after GC invocations=3 (full 0):
 garbage-first heap   total 163840K, used 21621K [0x0000000761c00000, 0x0000000800000000)
  region size 2048K, 2 young (4096K), 2 survivors (4096K)
 Metaspace       used 12234K, committed 12480K, reserved 1114112K
  class space    used 1599K, committed 1728K, reserved 1048576K
}

Dll operation events (7 events):
Event: 0.032 Loaded shared library C:\Users\Hemanth.thummala\.p2\pool\plugins\org.eclipse.justj.openjdk.hotspot.jre.full.win32.x86_64_21.0.8.v20250724-1412\jre\bin\java.dll
Event: 0.089 Loaded shared library C:\Users\Hemanth.thummala\.p2\pool\plugins\org.eclipse.justj.openjdk.hotspot.jre.full.win32.x86_64_21.0.8.v20250724-1412\jre\bin\zip.dll
Event: 0.309 Loaded shared library C:\Users\Hemanth.thummala\.p2\pool\plugins\org.eclipse.justj.openjdk.hotspot.jre.full.win32.x86_64_21.0.8.v20250724-1412\jre\bin\net.dll
Event: 0.319 Loaded shared library C:\Users\Hemanth.thummala\.p2\pool\plugins\org.eclipse.justj.openjdk.hotspot.jre.full.win32.x86_64_21.0.8.v20250724-1412\jre\bin\nio.dll
Event: 0.347 Loaded shared library C:\Users\Hemanth.thummala\.p2\pool\plugins\org.eclipse.justj.openjdk.hotspot.jre.full.win32.x86_64_21.0.8.v20250724-1412\jre\bin\zip.dll
Event: 0.404 Loaded shared library C:\Users\Hemanth.thummala\.p2\pool\plugins\org.eclipse.justj.openjdk.hotspot.jre.full.win32.x86_64_21.0.8.v20250724-1412\jre\bin\jimage.dll
Event: 0.748 Loaded shared library C:\Users\Hemanth.thummala\.p2\pool\plugins\org.eclipse.justj.openjdk.hotspot.jre.full.win32.x86_64_21.0.8.v20250724-1412\jre\bin\extnet.dll

Deoptimization events (20 events):
Event: 2.725 Thread 0x00000209f62188f0 Uncommon trap: trap_request=0xffffffde fr.pc=0x0000020987b1c8d8 relative=0x00000000000002f8
Event: 2.725 Thread 0x00000209f62188f0 Uncommon trap: reason=class_check action=maybe_recompile pc=0x0000020987b1c8d8 method=java.util.regex.Pattern$BmpCharPropertyGreedy.match(Ljava/util/regex/Matcher;ILjava/lang/CharSequence;)Z @ 26 c2
Event: 2.725 Thread 0x00000209f62188f0 DEOPT PACKING pc=0x0000020987b1c8d8 sp=0x000000be02afd9c0
Event: 2.725 Thread 0x00000209f62188f0 DEOPT UNPACKING pc=0x00000209875846a2 sp=0x000000be02afd958 mode 2
Event: 2.725 Thread 0x00000209f62188f0 Uncommon trap: trap_request=0xffffffde fr.pc=0x0000020987b1c8d8 relative=0x00000000000002f8
Event: 2.725 Thread 0x00000209f62188f0 Uncommon trap: reason=class_check action=maybe_recompile pc=0x0000020987b1c8d8 method=java.util.regex.Pattern$BmpCharPropertyGreedy.match(Ljava/util/regex/Matcher;ILjava/lang/CharSequence;)Z @ 26 c2
Event: 2.725 Thread 0x00000209f62188f0 DEOPT PACKING pc=0x0000020987b1c8d8 sp=0x000000be02afd6c0
Event: 2.725 Thread 0x00000209f62188f0 DEOPT UNPACKING pc=0x00000209875846a2 sp=0x000000be02afd658 mode 2
Event: 2.725 Thread 0x00000209f62188f0 Uncommon trap: trap_request=0xffffffde fr.pc=0x0000020987b1c8d8 relative=0x00000000000002f8
Event: 2.725 Thread 0x00000209f62188f0 Uncommon trap: reason=class_check action=maybe_recompile pc=0x0000020987b1c8d8 method=java.util.regex.Pattern$BmpCharPropertyGreedy.match(Ljava/util/regex/Matcher;ILjava/lang/CharSequence;)Z @ 26 c2
Event: 2.725 Thread 0x00000209f62188f0 DEOPT PACKING pc=0x0000020987b1c8d8 sp=0x000000be02afd430
Event: 2.725 Thread 0x00000209f62188f0 DEOPT UNPACKING pc=0x00000209875846a2 sp=0x000000be02afd3c8 mode 2
Event: 2.726 Thread 0x00000209f62188f0 Uncommon trap: trap_request=0xffffffde fr.pc=0x0000020987b1c8d8 relative=0x00000000000002f8
Event: 2.726 Thread 0x00000209f62188f0 Uncommon trap: reason=class_check action=maybe_recompile pc=0x0000020987b1c8d8 method=java.util.regex.Pattern$BmpCharPropertyGreedy.match(Ljava/util/regex/Matcher;ILjava/lang/CharSequence;)Z @ 26 c2
Event: 2.726 Thread 0x00000209f62188f0 DEOPT PACKING pc=0x0000020987b1c8d8 sp=0x000000be02afd9c0
Event: 2.726 Thread 0x00000209f62188f0 DEOPT UNPACKING pc=0x00000209875846a2 sp=0x000000be02afd958 mode 2
Event: 2.736 Thread 0x00000209f62188f0 Uncommon trap: trap_request=0xffffffde fr.pc=0x0000020987b27468 relative=0x0000000000000408
Event: 2.736 Thread 0x00000209f62188f0 Uncommon trap: reason=class_check action=maybe_recompile pc=0x0000020987b27468 method=java.lang.String.<init>(Ljava/lang/AbstractStringBuilder;Ljava/lang/Void;)V @ 10 c2
Event: 2.736 Thread 0x00000209f62188f0 DEOPT PACKING pc=0x0000020987b27468 sp=0x000000be02afdd70
Event: 2.736 Thread 0x00000209f62188f0 DEOPT UNPACKING pc=0x00000209875846a2 sp=0x000000be02afdd38 mode 2

Classes loaded (20 events):
Event: 2.726 Loading class java/util/Formatter$FixedString
Event: 2.726 Loading class java/util/Formatter$FixedString done
Event: 2.726 Loading class java/time/ZonedDateTime$1
Event: 2.726 Loading class java/time/ZonedDateTime$1 done
Event: 2.726 Loading class sun/util/resources/LocaleData$CommonResourceBundleProvider
Event: 2.727 Loading class sun/util/resources/LocaleData$LocaleDataResourceBundleProvider
Event: 2.727 Loading class java/util/spi/ResourceBundleProvider
Event: 2.727 Loading class java/util/spi/ResourceBundleProvider done
Event: 2.727 Loading class sun/util/resources/LocaleData$LocaleDataResourceBundleProvider done
Event: 2.727 Loading class sun/util/resources/LocaleData$CommonResourceBundleProvider done
Event: 2.727 Loading class java/util/ArrayList$SubList$1
Event: 2.727 Loading class java/util/ArrayList$SubList$1 done
Event: 2.727 Loading class sun/util/resources/Bundles$2
Event: 2.727 Loading class sun/util/resources/Bundles$2 done
Event: 2.733 Loading class java/util/concurrent/ConcurrentLinkedDeque$Itr
Event: 2.733 Loading class java/util/concurrent/ConcurrentLinkedDeque$AbstractItr
Event: 2.733 Loading class java/util/concurrent/ConcurrentLinkedDeque$AbstractItr done
Event: 2.733 Loading class java/util/concurrent/ConcurrentLinkedDeque$Itr done
Event: 3.174 Loading class java/util/concurrent/Callable
Event: 3.174 Loading class java/util/concurrent/Callable done

Classes unloaded (0 events):
No events

Classes redefined (0 events):
No events

Internal exceptions (20 events):
Event: 0.652 Thread 0x00000209f62188f0 Exception <a 'java/lang/NoSuchMethodError'{0x000000076b40cc60}: 'void java.lang.invoke.DirectMethodHandle$Holder.invokeStatic(java.lang.Object, java.lang.Object, java.lang.Object, java.lang.Object)'> (0x000000076b40cc60) 
thrown [s\src\hotspot\share\interpreter\linkResolver.cpp, line 773]
Event: 0.773 Thread 0x00000209f62188f0 Exception <a 'java/lang/NoSuchMethodError'{0x000000076b58f198}: 'void java.lang.invoke.DirectMethodHandle$Holder.invokeSpecial(java.lang.Object, java.lang.Object, java.lang.Object)'> (0x000000076b58f198) 
thrown [s\src\hotspot\share\interpreter\linkResolver.cpp, line 773]
Event: 0.817 Thread 0x00000209f62188f0 Exception <a 'java/lang/NoSuchMethodError'{0x000000076b23e698}: 'java.lang.Object java.lang.invoke.DirectMethodHandle$Holder.newInvokeSpecial(java.lang.Object, java.lang.Object, java.lang.Object, java.lang.Object, java.lang.Object, java.lang.Object)'> (0x000000076b23e698) 
thrown [s\src\hotspot\share\interpreter\linkResolver.cpp, line 773]
Event: 0.820 Thread 0x00000209f62188f0 Exception <a 'java/lang/NoSuchMethodError'{0x000000076b24ca70}: 'void java.lang.invoke.DirectMethodHandle$Holder.invokeStaticInit(java.lang.Object)'> (0x000000076b24ca70) 
thrown [s\src\hotspot\share\interpreter\linkResolver.cpp, line 773]
Event: 0.822 Thread 0x00000209f62188f0 Exception <a 'java/lang/NoSuchMethodError'{0x000000076b25a590}: 'java.lang.Object java.lang.invoke.DirectMethodHandle$Holder.newInvokeSpecial(java.lang.Object, java.lang.Object, java.lang.Object, java.lang.Object, java.lang.Object, java.lang.Object, java.lang.Object)'> (0x000000076b25a590) 
thrown [s\src\hotspot\share\interpreter\linkResolver.cpp, line 773]
Event: 0.826 Thread 0x00000209f62188f0 Exception <a 'java/lang/NoSuchMethodError'{0x000000076b267960}: 'java.lang.Object java.lang.invoke.DirectMethodHandle$Holder.invokeSpecialIFC(java.lang.Object, java.lang.Object, java.lang.Object, java.lang.Object, java.lang.Object)'> (0x000000076b267960) 
thrown [s\src\hotspot\share\interpreter\linkResolver.cpp, line 773]
Event: 0.875 Thread 0x00000209f62188f0 Exception <a 'java/lang/NoSuchMethodError'{0x000000076b36a2a0}: 'void java.lang.invoke.DirectMethodHandle$Holder.invokeInterface(java.lang.Object, java.lang.Object, java.lang.Object)'> (0x000000076b36a2a0) 
thrown [s\src\hotspot\share\interpreter\linkResolver.cpp, line 773]
Event: 0.939 Thread 0x00000209f62188f0 Exception <a 'java/lang/NoSuchMethodError'{0x000000076b01a140}: 'java.lang.Object java.lang.invoke.DirectMethodHandle$Holder.invokeStaticInit(java.lang.Object, int, int, int, int)'> (0x000000076b01a140) 
thrown [s\src\hotspot\share\interpreter\linkResolver.cpp, line 773]
Event: 0.984 Thread 0x00000209f62188f0 Exception <a 'java/lang/NoSuchMethodError'{0x000000076b0e6f58}: 'java.lang.Object java.lang.invoke.DirectMethodHandle$Holder.invokeStaticInit(java.lang.Object, java.lang.Object, int, int, int, int)'> (0x000000076b0e6f58) 
thrown [s\src\hotspot\share\interpreter\linkResolver.cpp, line 773]
Event: 1.018 Thread 0x00000209f62188f0 Exception <a 'java/lang/NoSuchMethodError'{0x000000076b179cc0}: 'int java.lang.invoke.DirectMethodHandle$Holder.invokeStaticInit(java.lang.Object, java.lang.Object, java.lang.Object)'> (0x000000076b179cc0) 
thrown [s\src\hotspot\share\interpreter\linkResolver.cpp, line 773]
Event: 1.052 Thread 0x00000209f62188f0 Exception <a 'java/lang/NoSuchMethodError'{0x000000076ba177d8}: 'int java.lang.invoke.DirectMethodHandle$Holder.invokeSpecial(java.lang.Object, java.lang.Object, java.lang.Object)'> (0x000000076ba177d8) 
thrown [s\src\hotspot\share\interpreter\linkResolver.cpp, line 773]
Event: 1.056 Thread 0x00000209f62188f0 Exception <a 'java/lang/IncompatibleClassChangeError'{0x000000076ba27db0}: Found class java.lang.Object, but interface was expected> (0x000000076ba27db0) 
thrown [s\src\hotspot\share\interpreter\linkResolver.cpp, line 840]
Event: 1.451 Thread 0x00000209f62188f0 Exception <a 'java/lang/NoSuchMethodError'{0x000000076b411cc0}: 'void java.lang.invoke.DirectMethodHandle$Holder.invokeSpecial(java.lang.Object, java.lang.Object, java.lang.Object, java.lang.Object, java.lang.Object)'> (0x000000076b411cc0) 
thrown [s\src\hotspot\share\interpreter\linkResolver.cpp, line 773]
Event: 1.620 Thread 0x00000209f62188f0 Exception <a 'java/io/IOException'{0x000000076b36d900}> (0x000000076b36d900) 
thrown [s\src\hotspot\share\prims\jni.cpp, line 520]
Event: 1.639 Thread 0x00000209f62188f0 Exception <a 'java/lang/NoSuchMethodError'{0x000000076b3f8578}: 'int java.lang.invoke.DirectMethodHandle$Holder.invokeVirtual(java.lang.Object, java.lang.Object)'> (0x000000076b3f8578) 
thrown [s\src\hotspot\share\interpreter\linkResolver.cpp, line 773]
Event: 1.647 Thread 0x00000209f62188f0 Exception <a 'java/lang/IncompatibleClassChangeError'{0x000000076ae225a8}: Found class java.lang.Object, but interface was expected> (0x000000076ae225a8) 
thrown [s\src\hotspot\share\interpreter\linkResolver.cpp, line 840]
Event: 1.652 Thread 0x00000209f62188f0 Exception <a 'java/lang/NoSuchMethodError'{0x000000076ae3a140}: 'java.lang.Object java.lang.invoke.DirectMethodHandle$Holder.newInvokeSpecial(java.lang.Object, java.lang.Object, java.lang.Object, java.lang.Object, java.lang.Object)'> (0x000000076ae3a140) 
thrown [s\src\hotspot\share\interpreter\linkResolver.cpp, line 773]
Event: 2.706 Thread 0x00000209f62188f0 Exception <a 'java/lang/NoClassDefFoundError'{0x000000076afb23b0}: com/sun/jna/FunctionMapper> (0x000000076afb23b0) 
thrown [s\src\hotspot\share\classfile\systemDictionary.cpp, line 301]
Event: 2.723 Thread 0x00000209f62188f0 Exception <a 'java/lang/ClassNotFoundException'{0x000000076ac21fc8}: sun/util/logging/resources/spi/loggingProvider> (0x000000076ac21fc8) 
thrown [s\src\hotspot\share\classfile\systemDictionary.cpp, line 312]
Event: 2.735 Thread 0x00000209f62188f0 Exception <a 'java/lang/NoClassDefFoundError'{0x000000076ac60e38}: com/sun/jna/Library> (0x000000076ac60e38) 
thrown [s\src\hotspot\share\classfile\systemDictionary.cpp, line 301]

ZGC Phase Switch (0 events):
No events

VM Operations (20 events):
Event: 1.041 Executing VM operation: G1CollectForAllocation (G1 Evacuation Pause)
Event: 1.047 Executing VM operation: G1CollectForAllocation (G1 Evacuation Pause) done
Event: 1.071 Executing VM operation: HandshakeAllThreads (Deoptimize)
Event: 1.071 Executing VM operation: HandshakeAllThreads (Deoptimize) done
Event: 1.315 Executing VM operation: G1CollectForAllocation (G1 Evacuation Pause)
Event: 1.320 Executing VM operation: G1CollectForAllocation (G1 Evacuation Pause) done
Event: 1.476 Executing VM operation: HandshakeAllThreads (Deoptimize)
Event: 1.476 Executing VM operation: HandshakeAllThreads (Deoptimize) done
Event: 1.649 Executing VM operation: HandshakeAllThreads (Deoptimize)
Event: 1.649 Executing VM operation: HandshakeAllThreads (Deoptimize) done
Event: 1.668 Executing VM operation: HandshakeAllThreads (Deoptimize)
Event: 1.668 Executing VM operation: HandshakeAllThreads (Deoptimize) done
Event: 1.681 Executing VM operation: HandshakeAllThreads (Deoptimize)
Event: 1.681 Executing VM operation: HandshakeAllThreads (Deoptimize) done
Event: 1.682 Executing VM operation: HandshakeAllThreads (Deoptimize)
Event: 1.682 Executing VM operation: HandshakeAllThreads (Deoptimize) done
Event: 2.348 Executing VM operation: G1CollectForAllocation (G1 Evacuation Pause)
Event: 2.355 Executing VM operation: G1CollectForAllocation (G1 Evacuation Pause) done
Event: 3.369 Executing VM operation: Cleanup
Event: 3.369 Executing VM operation: Cleanup done

Memory protections (0 events):
No events

Nmethod flushes (0 events):
No events

Events (13 events):
Event: 0.057 Thread 0x00000209f62188f0 Thread added: 0x00000209f62188f0
Event: 0.091 Thread 0x00000209f62188f0 Thread added: 0x00000209ff1dee10
Event: 0.091 Thread 0x00000209f62188f0 Thread added: 0x00000209ff1e0070
Event: 0.092 Thread 0x00000209f62188f0 Thread added: 0x00000209ff1e2560
Event: 0.092 Thread 0x00000209f62188f0 Thread added: 0x00000209ff1e45d0
Event: 0.092 Thread 0x00000209f62188f0 Thread added: 0x00000209ff1e5020
Event: 0.093 Thread 0x00000209f62188f0 Thread added: 0x00000209ff1f73b0
Event: 0.093 Thread 0x00000209f62188f0 Thread added: 0x00000209ff1fc550
Event: 0.093 Thread 0x00000209f62188f0 Thread added: 0x00000209ff1ff400
Event: 0.289 Thread 0x00000209f62188f0 Thread added: 0x00000209ff333930
Event: 0.298 Thread 0x00000209f62188f0 Thread added: 0x00000209ff340630
Event: 1.760 Thread 0x00000209ff1fc550 Thread added: 0x00000209d44b5bd0
Event: 3.204 Thread 0x00000209d44b5bd0 Thread exited: 0x00000209d44b5bd0


Dynamic libraries:
0x00007ff6a23e0000 - 0x00007ff6a23ee000 	C:\Users\Hemanth.thummala\.p2\pool\plugins\org.eclipse.justj.openjdk.hotspot.jre.full.win32.x86_64_21.0.8.v20250724-1412\jre\bin\javaw.exe
0x00007ffb514f0000 - 0x00007ffb516e8000 	C:\Windows\SYSTEM32\ntdll.dll
0x00007ffb50910000 - 0x00007ffb509d2000 	C:\Windows\System32\KERNEL32.DLL
0x00007ffb4ef20000 - 0x00007ffb4f216000 	C:\Windows\System32\KERNELBASE.dll
0x00007ffb4ed40000 - 0x00007ffb4ee40000 	C:\Windows\System32\ucrtbase.dll
0x00007ffb2e630000 - 0x00007ffb2e648000 	C:\Users\Hemanth.thummala\.p2\pool\plugins\org.eclipse.justj.openjdk.hotspot.jre.full.win32.x86_64_21.0.8.v20250724-1412\jre\bin\jli.dll
0x00007ffb2e9f0000 - 0x00007ffb2ea0e000 	C:\Users\Hemanth.thummala\.p2\pool\plugins\org.eclipse.justj.openjdk.hotspot.jre.full.win32.x86_64_21.0.8.v20250724-1412\jre\bin\VCRUNTIME140.dll
0x00007ffb509e0000 - 0x00007ffb50b7d000 	C:\Windows\System32\USER32.dll
0x00007ffb4ee40000 - 0x00007ffb4ee62000 	C:\Windows\System32\win32u.dll
0x00007ffb50bf0000 - 0x00007ffb50c1b000 	C:\Windows\System32\GDI32.dll
0x00007ffb4eb90000 - 0x00007ffb4ecaa000 	C:\Windows\System32\gdi32full.dll
0x00007ffb4f250000 - 0x00007ffb4f2ed000 	C:\Windows\System32\msvcp_win.dll
0x00007ffb33830000 - 0x00007ffb33aca000 	C:\Windows\WinSxS\amd64_microsoft.windows.common-controls_6595b64144ccf1df_6.0.19041.5794_none_60bcd33171f2783c\COMCTL32.dll
0x00007ffb502e0000 - 0x00007ffb5037e000 	C:\Windows\System32\msvcrt.dll
0x00007ffb513b0000 - 0x00007ffb513df000 	C:\Windows\System32\IMM32.DLL
0x00007ffb32ab0000 - 0x00007ffb32c0a000 	C:\Windows\system32\tmumh\20019\AddOn\8.55.0.1333\TmUmEvt64.dll
0x00007ffb50250000 - 0x00007ffb50258000 	C:\Windows\System32\PSAPI.DLL
0x00007ffb4fd30000 - 0x00007ffb4fddf000 	C:\Windows\System32\ADVAPI32.dll
0x00007ffb50ea0000 - 0x00007ffb50f3f000 	C:\Windows\System32\sechost.dll
0x00007ffb50460000 - 0x00007ffb50583000 	C:\Windows\System32\RPCRT4.dll
0x00007ffb4f220000 - 0x00007ffb4f247000 	C:\Windows\System32\bcrypt.dll
0x000000006b660000 - 0x000000006b786000 	C:\Windows\system32\tmumh\20019\TmMon\2.9.0.1205\tmmon64.dll
0x00007ffb43970000 - 0x00007ffb4397c000 	C:\Users\Hemanth.thummala\.p2\pool\plugins\org.eclipse.justj.openjdk.hotspot.jre.full.win32.x86_64_21.0.8.v20250724-1412\jre\bin\vcruntime140_1.dll
0x00007ffb0eaa0000 - 0x00007ffb0eb2d000 	C:\Users\Hemanth.thummala\.p2\pool\plugins\org.eclipse.justj.openjdk.hotspot.jre.full.win32.x86_64_21.0.8.v20250724-1412\jre\bin\msvcp140.dll
0x00007ffaf50f0000 - 0x00007ffaf5e87000 	C:\Users\Hemanth.thummala\.p2\pool\plugins\org.eclipse.justj.openjdk.hotspot.jre.full.win32.x86_64_21.0.8.v20250724-1412\jre\bin\server\jvm.dll
0x00007ffb50b80000 - 0x00007ffb50beb000 	C:\Windows\System32\WS2_32.dll
0x00007ffb4e3a0000 - 0x00007ffb4e3eb000 	C:\Windows\SYSTEM32\POWRPROF.dll
0x00007ffb3ea80000 - 0x00007ffb3eaa7000 	C:\Windows\SYSTEM32\WINMM.dll
0x00007ffb4b6d0000 - 0x00007ffb4b6da000 	C:\Windows\SYSTEM32\VERSION.dll
0x00007ffb4e340000 - 0x00007ffb4e352000 	C:\Windows\SYSTEM32\UMPDC.dll
0x00007ffb4c850000 - 0x00007ffb4c862000 	C:\Windows\SYSTEM32\kernel.appcore.dll
0x00007ffb4c020000 - 0x00007ffb4c02a000 	C:\Users\Hemanth.thummala\.p2\pool\plugins\org.eclipse.justj.openjdk.hotspot.jre.full.win32.x86_64_21.0.8.v20250724-1412\jre\bin\jimage.dll
0x00007ffb39a00000 - 0x00007ffb39c01000 	C:\Windows\SYSTEM32\DBGHELP.DLL
0x00007ffb399c0000 - 0x00007ffb399f4000 	C:\Windows\SYSTEM32\dbgcore.DLL
0x00007ffb4ecb0000 - 0x00007ffb4ed32000 	C:\Windows\System32\bcryptPrimitives.dll
0x00007ffb4ad70000 - 0x00007ffb4ad8f000 	C:\Users\Hemanth.thummala\.p2\pool\plugins\org.eclipse.justj.openjdk.hotspot.jre.full.win32.x86_64_21.0.8.v20250724-1412\jre\bin\java.dll
0x00007ffb4f520000 - 0x00007ffb4fc8e000 	C:\Windows\System32\SHELL32.dll
0x00007ffb4ca50000 - 0x00007ffb4d1f3000 	C:\Windows\SYSTEM32\windows.storage.dll
0x00007ffb50f40000 - 0x00007ffb51293000 	C:\Windows\System32\combase.dll
0x00007ffb4e5c0000 - 0x00007ffb4e5eb000 	C:\Windows\SYSTEM32\Wldp.dll
0x00007ffb513e0000 - 0x00007ffb514ad000 	C:\Windows\System32\OLEAUT32.dll
0x00007ffb512a0000 - 0x00007ffb5134d000 	C:\Windows\System32\SHCORE.dll
0x00007ffb505f0000 - 0x00007ffb50645000 	C:\Windows\System32\shlwapi.dll
0x00007ffb4eac0000 - 0x00007ffb4eae5000 	C:\Windows\SYSTEM32\profapi.dll
0x00007ffb4aae0000 - 0x00007ffb4aaf8000 	C:\Users\Hemanth.thummala\.p2\pool\plugins\org.eclipse.justj.openjdk.hotspot.jre.full.win32.x86_64_21.0.8.v20250724-1412\jre\bin\zip.dll
0x00007ffb4aed0000 - 0x00007ffb4aee0000 	C:\Users\Hemanth.thummala\.p2\pool\plugins\org.eclipse.justj.openjdk.hotspot.jre.full.win32.x86_64_21.0.8.v20250724-1412\jre\bin\net.dll
0x00007ffb48590000 - 0x00007ffb4869a000 	C:\Windows\SYSTEM32\WINHTTP.dll
0x00007ffb4e2b0000 - 0x00007ffb4e31c000 	C:\Windows\system32\mswsock.dll
0x00007ffb42c50000 - 0x00007ffb42c66000 	C:\Users\Hemanth.thummala\.p2\pool\plugins\org.eclipse.justj.openjdk.hotspot.jre.full.win32.x86_64_21.0.8.v20250724-1412\jre\bin\nio.dll
0x00007ffb4df90000 - 0x00007ffb4dfcb000 	C:\Windows\SYSTEM32\IPHLPAPI.DLL
0x00007ffb50e70000 - 0x00007ffb50e78000 	C:\Windows\System32\NSI.dll
0x00007ffb4aad0000 - 0x00007ffb4aad9000 	C:\Users\Hemanth.thummala\.p2\pool\plugins\org.eclipse.justj.openjdk.hotspot.jre.full.win32.x86_64_21.0.8.v20250724-1412\jre\bin\extnet.dll
0x00007ffb4e510000 - 0x00007ffb4e528000 	C:\Windows\SYSTEM32\CRYPTSP.dll
0x00007ffb4dbd0000 - 0x00007ffb4dc08000 	C:\Windows\system32\rsaenh.dll
0x00007ffb4ea80000 - 0x00007ffb4eaae000 	C:\Windows\SYSTEM32\USERENV.dll
0x00007ffb4e530000 - 0x00007ffb4e53c000 	C:\Windows\SYSTEM32\CRYPTBASE.dll

JVMTI agents: none

dbghelp: loaded successfully - version: 4.0.5 - missing functions: none
symbol engine: initialized successfully - sym options: 0x614 - pdb path: .;C:\Users\Hemanth.thummala\.p2\pool\plugins\org.eclipse.justj.openjdk.hotspot.jre.full.win32.x86_64_21.0.8.v20250724-1412\jre\bin;C:\Windows\SYSTEM32;C:\Windows\WinSxS\amd64_microsoft.windows.common-controls_6595b64144ccf1df_6.0.19041.5794_none_60bcd33171f2783c;C:\Windows\system32\tmumh\20019\AddOn\8.55.0.1333;C:\Windows\system32\tmumh\20019\TmMon\2.9.0.1205;C:\Users\Hemanth.thummala\.p2\pool\plugins\org.eclipse.justj.openjdk.hotspot.jre.full.win32.x86_64_21.0.8.v20250724-1412\jre\bin\server

VM Arguments:
jvm_args: -Dcucumber.publish.quiet=true -Dfile.encoding=UTF-8 -Dstdout.encoding=UTF-8 -Dstderr.encoding=UTF-8 -XX:+ShowCodeDetailsInExceptionMessages 
java_command: io.cucumber.core.cli.Main src/test/resources/Features/login.feature --glue  --monochrome -p io.cucumber.eclipse.java.plugins.CucumberEclipsePlugin:55997
java_class_path (initial): C:\Users\Hemanth.thummala\eclipse-workspace\Cucumber\CUCUMBER\target\classes;C:\Users\Hemanth.thummala\eclipse-workspace\Cucumber\CUCUMBER\target\test-classes;C:\Users\Hemanth.thummala\.m2\repository\io\cucumber\cucumber-java\7.27.2\cucumber-java-7.27.2.jar;C:\Users\Hemanth.thummala\.m2\repository\io\cucumber\cucumber-core\7.27.2\cucumber-core-7.27.2.jar;C:\Users\Hemanth.thummala\.m2\repository\io\cucumber\cucumber-gherkin\7.27.2\cucumber-gherkin-7.27.2.jar;C:\Users\Hemanth.thummala\.m2\repository\io\cucumber\cucumber-gherkin-messages\7.27.2\cucumber-gherkin-messages-7.27.2.jar;C:\Users\Hemanth.thummala\.m2\repository\io\cucumber\gherkin\34.0.0\gherkin-34.0.0.jar;C:\Users\Hemanth.thummala\.m2\repository\org\assertj\assertj-core\3.27.4\assertj-core-3.27.4.jar;C:\Users\Hemanth.thummala\.m2\repository\io\cucumber\messages\28.1.0\messages-28.1.0.jar;C:\Users\Hemanth.thummala\.m2\repository\io\cucumber\pretty-formatter\2.1.0\pretty-formatter-2.1.0.jar;C:\Users\Hemanth.thummala\.m2\repository\io\cucumber\query\13.6.0\query-13.6.0.jar;C:\Users\Hemanth.thummala\.m2\repository\io\cucumber\testng-xml-formatter\0.5.0\testng-xml-formatter-0.5.0.jar;C:\Users\Hemanth.thummala\.m2\repository\io\cucumber\tag-expressions\6.1.2\tag-expressions-6.1.2.jar;C:\Users\Hemanth.thummala\.m2\repository\io\cucumber\cucumber-expressions\18.0.1\cucumber-expressions-18.0.1.jar;C:\Users\Hemanth.thummala\.m2\repository\io\cucumber\datatable\7.27.2\datatable-7.27.2.jar;C:\Users\Hemanth.thummala\.m2\repository\io\cucumber\cucumber-plugin\7.27.2\cucumber-plugin-7.27.2.jar;C:\Users\Hemanth.thummala\.m2\repository\io\cucumber\docstring\7.27.2\docstring-7.27.2.jar;C:\Users\Hemanth.thummala\.m2\repository\io\cucumber\html-formatter\21.13.0\html-formatter-21.13.0.jar;C:\Users\Hemanth.thummala\.m2\repository\io\cucumber\junit-xml-formatter\0.8.1\junit-xml-formatter-0.8.1.jar;C:\Users\Hemanth.thummala\.m2\repository\io\cucumber\ci-environment\10.0.1\ci-environment-10.0.1.jar;C:\Users\Hemanth.thummala\.m2\repository\org\apiguardian\apiguardian-api\1.1.2\apiguardian-api-1.1.2.jar;C:\Users\Hemanth.thummala\.m2\repository\io\cucumber\cucumber-testng\7.27.2\cucumber-testng-7.27.2.jar;C:\Users\Hemanth.thummala\.m2\repository\org\seleniumhq\selenium\selenium-java\4.35.0\selenium-java-4.35.0.jar;C:\Users\Hemanth.thummala\.m2\repository\org\seleniumhq\selenium\selenium-api\4.35.0\selenium-api-4.35.0.jar;C:\Users\Hemanth.thummala\.m2\repository\org\jspecify\jspecify\1.0.0\jspecify-1.0.0.jar;C:\Users\Hemanth.thummala\.m2\repository\org\seleniumhq\selenium\selenium-chrome-driver\4.35.0\selenium-chrome-driver-4.35.0.jar;C:\Users\Hemanth.thummala\.m2\repository\com\google\auto\service\auto-service-annotations\1.1.1\auto-service-annotations-1.1.1.jar;C:\Users\Hemanth.thummala\.m2\repository\org\seleniumhq\selenium\selenium-chromium-driver\4.35.0\selenium-chromium-driver-4.35.0.jar;C:\Users\Hemanth.thummala\.m2\repository\org\seleniumhq\selenium\selenium-json\4.35.0\selenium-json-4.35.0.jar;C:\Users\Hemanth.thummala\.m2\repository\org\seleniumhq\selenium\selenium-manager\4.35.0\selenium-manager-4.35.0.jar;C:\Users\Hemanth.thummala\.m2\repository\org\seleniumhq\selenium\selenium-devtools-v137\4.35.0\selenium-devtools-v137-4.35.0.jar;C:\Users\Hemanth.thummala\.m2\repository\org\seleniumhq\selenium\selenium-devtools-v138\4.35.0\selenium-devtools-v138-4.35.0.jar;C:\Users\Hemanth.thummala\.m2\repository\org\seleniumhq\selenium\selenium-devtools-v139\4.35.0\selenium-devtools-v139-4.35.0.jar;C:\Users\Hemanth.thummala\.m2\repository\org\seleniumhq\selenium\selenium-edge-driver\4.35.0\selenium-edge-driver-4.35.0.jar;C:\Users\Hemanth.thummala\.m2\repository\org\seleniumhq\selenium\selenium-firefox-driver\4.35.0\selenium-firefox-driver-4.35.0.jar;C:\Users\Hemanth.thummala\.m2\repository\org\seleniumhq\selenium\selenium-http\4.35.0\selenium-http-4.35.0.jar;C:\Users\Hemanth.thummala\.m2\repository\org\seleniumhq\selenium\selenium-ie-driver\4.35.0\selenium-ie-driver-4.35.0.jar;C:\Users\Hemanth.thummala\.m2\repository\org\seleniumhq\selenium\selenium-remote-driver\4.35.0\selenium-remote-driver-4.35.0.jar;C:\Users\Hemanth.thummala\.m2\repository\com\google\guava\guava\33.4.8-jre\guava-33.4.8-jre.jar;C:\Users\Hemanth.thummala\.m2\repository\com\google\guava\failureaccess\1.0.3\failureaccess-1.0.3.jar;C:\Users\Hemanth.thummala\.m2\repository\com\google\guava\listenablefuture\9999.0-empty-to-avoid-conflict-with-guava\listenablefuture-9999.0-empty-to-avoid-conflict-with-guava.jar;C:\Users\Hemanth.thummala\.m2\repository\com\google\errorprone\error_prone_annotations\2.36.0\error_prone_annotations-2.36.0.jar;C:\Users\Hemanth.thummala\.m2\repository\com\google\j2objc\j2objc-annotations\3.0.0\j2objc-annotations-3.0.0.jar;C:\Users\Hemanth.thummala\.m2\repository\io\opentelemetry\opentelemetry-api\1.53.0\opentelemetry-api-1.53.0.jar;C:\Users\Hemanth.thummala\.m2\repository\io\opentelemetry\opentelemetry-context\1.53.0\opentelemetry-context-1.53.0.jar;C:\Users\Hemanth.thummala\.m2\repository\io\opentelemetry\opentelemetry-common\1.53.0\opentelemetry-common-1.53.0.jar;C:\Users\Hemanth.thummala\.m2\repository\io\opentelemetry\opentelemetry-exporter-logging\1.53.0\opentelemetry-exporter-logging-1.53.0.jar;C:\Users\Hemanth.thummala\.m2\repository\io\opentelemetry\opentelemetry-sdk-common\1.53.0\opentelemetry-sdk-common-1.53.0.jar;C:\Users\Hemanth.thummala\.m2\repository\io\opentelemetry\opentelemetry-sdk-extension-autoconfigure-spi\1.53.0\opentelemetry-sdk-extension-autoconfigure-spi-1.53.0.jar;C:\Users\Hemanth.thummala\.m2\repository\io\opentelemetry\opentelemetry-sdk-extension-autoconfigure\1.53.0\opentelemetry-sdk-extension-autoconfigure-1.53.0.jar;C:\Users\Hemanth.thummala\.m2\repository\io\opentelemetry\opentelemetry-sdk-trace\1.53.0\opentelemetry-sdk-trace-1.53.0.jar;C:\Users\Hemanth.thummala\.m2\repository\io\opentelemetry\opentelemetry-sdk\1.53.0\opentelemetry-sdk-1.53.0.jar;C:\Users\Hemanth.thummala\.m2\repository\io\opentelemetry\opentelemetry-sdk-metrics\1.53.0\opentelemetry-sdk-metrics-1.53.0.jar;C:\Users\Hemanth.thummala\.m2\repository\io\opentelemetry\opentelemetry-sdk-logs\1.53.0\opentelemetry-sdk-logs-1.53.0.jar;C:\Users\Hemanth.thummala\.m2\repository\net\bytebuddy\byte-buddy\1.17.6\byte-buddy-1.17.6.jar;C:\Users\Hemanth.thummala\.m2\repository\org\seleniumhq\selenium\selenium-os\4.35.0\selenium-os-4.35.0.jar;C:\Users\Hemanth.thummala\.m2\repository\org\apache\commons\commons-exec\1.5.0\commons-exec-1.5.0.jar;C:\Users\Hemanth.thummala\.m2\repository\org\seleniumhq\selenium\selenium-safari-driver\4.35.0\selenium-safari-driver-4.35.0.jar;C:\Users\Hemanth.thummala\.m2\repository\org\seleniumhq\selenium\selenium-support\4.35.0\selenium-support-4.35.0.jar;C:\Users\Hemanth.thummala\.m2\repository\org\testng\testng\7.11.0\testng-7.11.0.jar;C:\Users\Hemanth.thummala\.m2\repository\org\slf4j\slf4j-api\2.0.16\slf4j-api-2.0.16.jar;C:\Users\Hemanth.thummala\.m2\repository\org\jcommander\jcommander\1.83\jcommander-1.83.jar;C:\Users\Hemanth.thummala\.m2\repository\org\webjars\jquery\3.7.1\jquery-3.7.1.jar;C:\Users\Hemanth.thummala\.p2\pool\plugins\io.cucumber.eclipse.java.plugins_3.0.0.202508111742.jar
Launcher Type: SUN_STANDARD

[Global flags]
     intx CICompilerCount                          = 3                                         {product} {ergonomic}
     uint ConcGCThreads                            = 1                                         {product} {ergonomic}
     uint G1ConcRefinementThreads                  = 4                                         {product} {ergonomic}
   size_t G1HeapRegionSize                         = 2097152                                   {product} {ergonomic}
    uintx GCDrainStackTargetSize                   = 64                                        {product} {ergonomic}
   size_t InitialHeapSize                          = 167772160                                 {product} {ergonomic}
   size_t MarkStackSize                            = 4194304                                   {product} {ergonomic}
   size_t MaxHeapSize                              = 2654994432                                {product} {ergonomic}
   size_t MaxNewSize                               = 1591738368                                {product} {ergonomic}
   size_t MinHeapDeltaBytes                        = 2097152                                   {product} {ergonomic}
   size_t MinHeapSize                              = 8388608                                   {product} {ergonomic}
    uintx NonNMethodCodeHeapSize                   = 5832780                                {pd product} {ergonomic}
    uintx NonProfiledCodeHeapSize                  = 122912730                              {pd product} {ergonomic}
    uintx ProfiledCodeHeapSize                     = 122912730                              {pd product} {ergonomic}
    uintx ReservedCodeCacheSize                    = 251658240                              {pd product} {ergonomic}
     bool SegmentedCodeCache                       = true                                      {product} {ergonomic}
     bool ShowCodeDetailsInExceptionMessages       = true                                   {manageable} {command line}
   size_t SoftMaxHeapSize                          = 2654994432                             {manageable} {ergonomic}
     bool UseCompressedOops                        = true                           {product lp64_product} {ergonomic}
     bool UseG1GC                                  = true                                      {product} {ergonomic}
     bool UseLargePagesIndividualAllocation        = false                                  {pd product} {ergonomic}

Logging:
Log output configuration:
 #0: stdout all=warning uptime,level,tags foldmultilines=false
 #1: stderr all=off uptime,level,tags foldmultilines=false

Environment Variables:
PATH=C:/Users/Hemanth.thummala/.p2/pool/plugins/org.eclipse.justj.openjdk.hotspot.jre.full.win32.x86_64_21.0.8.v20250724-1412/jre/bin/server;C:/Users/Hemanth.thummala/.p2/pool/plugins/org.eclipse.justj.openjdk.hotspot.jre.full.win32.x86_64_21.0.8.v20250724-1412/jre/bin;C:\Program Files\Common Files\Oracle\Java\javapath;C:\Program Files\Microsoft\jdk-11.0.16.101-hotspot\bin;C:\Windows\system32;C:\Windows;C:\Windows\System32\Wbem;C:\Windows\System32\WindowsPowerShell\v1.0\;C:\Windows\System32\OpenSSH\;C:\Program Files\TortoiseSVN\bin;C:\Program Files\nodejs\;C:\Program Files\Microsoft SQL Server\150\Tools\Binn\;C:\Program Files\dotnet\;C:\Program Files\Microsoft SQL Server\Client SDK\ODBC\170\Tools\Binn\;C:\Program Files\Microsoft VS Code\bin;C:\Users\Hemanth.thummala\AppData\Local\Microsoft\WindowsApps;C:\Users\Hemanth.thummala\AppData\Local\Programs\Git\cmd;C:\Users\Hemanth.thummala\Desktop;
USERNAME=Hemanth.thummala
OS=Windows_NT
PROCESSOR_IDENTIFIER=Intel64 Family 6 Model 42 Stepping 7, GenuineIntel
TMP=C:\Users\HEMANT~1.THU\AppData\Local\Temp
TEMP=C:\Users\HEMANT~1.THU\AppData\Local\Temp




Periodic native trim disabled

---------------  S Y S T E M  ---------------

OS:
 Windows 10 , 64 bit Build 19041 (10.0.19041.5794)
OS uptime: 4 days 3:34 hours

CPU: total 4 (initial active 4) (2 cores per cpu, 2 threads per core) family 6 model 42 stepping 7 microcode 0x2f, cx8, cmov, fxsr, ht, mmx, sse, sse2, sse3, ssse3, sse4.1, sse4.2, popcnt, tsc, tscinvbit, avx, clmul, vzeroupper, clflush, rdtscp
Processor Information for the first 4 processors :
  Max Mhz: 3100, Current Mhz: 3100, Mhz Limit: 3100

Memory: 4k page, system-wide physical 10120M (1695M free)
TotalPageFile size 14216M (AvailPageFile size 205M)
current process WorkingSet (physical memory assigned to process): 143M, peak: 150M
current process commit charge ("private bytes"): 287M, peak: 294M

vm_info: OpenJDK 64-Bit Server VM (21.0.8+9-LTS) for windows-amd64 JRE (21.0.8+9-LTS), built on 2025-07-15T00:00:00Z by "admin" with MS VC++ 17.7 (VS2022)

END.
